{"contracts/BuildingsData.sol":{"l":{"54":1,"78":470,"79":470,"80":469,"94":466,"107":466,"108":466,"130":14,"131":14,"133":13,"134":13,"136":13,"158":13,"159":1,"161":13,"162":1,"164":13,"165":1,"167":13,"168":1,"170":13,"171":1,"194":13,"195":1,"197":13,"198":1,"200":13,"201":1,"203":13,"204":1,"206":13,"207":1,"209":13,"210":1,"212":13,"213":1,"215":13,"216":1,"227":218,"228":218,"229":215,"240":2,"242":2,"254":55,"255":55,"256":55,"271":152,"272":152,"273":152,"277":168},"path":"/Users/lbertenasco/Experimental/crypto-wars-solidity/contracts/BuildingsData.sol","s":{"1":1,"2":470,"3":470,"4":469,"5":467,"6":466,"7":466,"8":466,"9":466,"10":466,"11":466,"12":466,"13":466,"14":466,"15":466,"16":466,"17":466,"18":466,"19":14,"20":14,"21":13,"22":13,"23":13,"24":13,"25":1,"26":13,"27":1,"28":13,"29":1,"30":13,"31":1,"32":13,"33":1,"34":13,"35":1,"36":13,"37":1,"38":13,"39":1,"40":13,"41":1,"42":13,"43":1,"44":13,"45":1,"46":13,"47":1,"48":13,"49":1,"50":218,"51":218,"52":215,"53":2,"54":2,"55":55,"56":55,"57":55,"58":152,"59":152,"60":152,"61":168},"b":{"1":[470,0],"2":[469,1],"3":[467,2],"4":[466,1],"5":[466,0],"6":[466,0],"7":[466,0],"8":[466,0],"9":[466,0],"10":[466,0],"11":[466,0],"12":[466,0],"13":[466,0],"14":[466,0],"15":[466,0],"16":[14,0],"17":[13,1],"18":[1,12],"19":[1,12],"20":[1,12],"21":[1,12],"22":[1,12],"23":[1,12],"24":[1,12],"25":[1,12],"26":[1,12],"27":[1,12],"28":[1,12],"29":[1,12],"30":[1,12],"31":[218,0],"32":[215,3],"33":[2,0],"34":[55,0],"35":[55,0],"36":[152,0],"37":[152,0]},"f":{"1":71,"2":1,"3":470,"4":14,"5":13,"6":13,"7":218,"8":2,"9":55,"10":152,"11":168},"fnMap":{"1":{"name":"BuildingsData","line":47,"loc":{"start":{"line":47,"column":2},"end":{"line":47,"column":26}}},"2":{"name":"getBuildingIdsLength","line":53,"loc":{"start":{"line":53,"column":2},"end":{"line":53,"column":63}}},"3":{"name":"addBuilding","line":74,"loc":{"start":{"line":74,"column":2},"end":{"line":76,"column":58}}},"4":{"name":"updateBuilding","line":127,"loc":{"start":{"line":127,"column":2},"end":{"line":129,"column":61}}},"5":{"name":"updateBuildingBasicsA","line":157,"loc":{"start":{"line":157,"column":2},"end":{"line":157,"column":78}}},"6":{"name":"updateBuildingBasicsB","line":193,"loc":{"start":{"line":193,"column":2},"end":{"line":193,"column":65}}},"7":{"name":"checkBuildingExist","line":226,"loc":{"start":{"line":226,"column":2},"end":{"line":226,"column":63}}},"8":{"name":"checkUpgrade","line":239,"loc":{"start":{"line":239,"column":2},"end":{"line":239,"column":76}}},"9":{"name":"getBuildingData","line":251,"loc":{"start":{"line":251,"column":2},"end":{"line":253,"column":69}}},"10":{"name":"getGoldAndCrystalRates","line":269,"loc":{"start":{"line":269,"column":2},"end":{"line":270,"column":81}}},"11":{"name":"getBuildingTypeId","line":276,"loc":{"start":{"line":276,"column":2},"end":{"line":276,"column":62}}}},"statementMap":{"1":{"start":{"line":54,"column":4},"end":{"line":54,"column":29}},"2":{"start":{"line":78,"column":4},"end":{"line":78,"column":19}},"3":{"start":{"line":79,"column":4},"end":{"line":79,"column":58}},"4":{"start":{"line":80,"column":4},"end":{"line":80,"column":44}},"5":{"start":{"line":81,"column":4},"end":{"line":81,"column":25}},"6":{"start":{"line":82,"column":4},"end":{"line":82,"column":25}},"7":{"start":{"line":83,"column":4},"end":{"line":83,"column":25}},"8":{"start":{"line":84,"column":4},"end":{"line":84,"column":25}},"9":{"start":{"line":85,"column":4},"end":{"line":85,"column":25}},"10":{"start":{"line":86,"column":4},"end":{"line":86,"column":25}},"11":{"start":{"line":87,"column":4},"end":{"line":87,"column":25}},"12":{"start":{"line":88,"column":4},"end":{"line":88,"column":25}},"13":{"start":{"line":89,"column":4},"end":{"line":89,"column":25}},"14":{"start":{"line":90,"column":4},"end":{"line":90,"column":25}},"15":{"start":{"line":91,"column":4},"end":{"line":91,"column":26}},"16":{"start":{"line":92,"column":4},"end":{"line":92,"column":26}},"17":{"start":{"line":94,"column":4},"end":{"line":94,"column":2650}},"18":{"start":{"line":108,"column":4},"end":{"line":108,"column":24}},"19":{"start":{"line":130,"column":4},"end":{"line":130,"column":19}},"20":{"start":{"line":131,"column":4},"end":{"line":131,"column":58}},"21":{"start":{"line":133,"column":4},"end":{"line":133,"column":41}},"22":{"start":{"line":134,"column":4},"end":{"line":134,"column":35}},"23":{"start":{"line":136,"column":4},"end":{"line":136,"column":27}},"24":{"start":{"line":158,"column":6},"end":{"line":158,"column":4639}},"25":{"start":{"line":159,"column":8},"end":{"line":159,"column":32}},"26":{"start":{"line":161,"column":6},"end":{"line":161,"column":4728}},"27":{"start":{"line":162,"column":8},"end":{"line":162,"column":38}},"28":{"start":{"line":164,"column":6},"end":{"line":164,"column":4840}},"29":{"start":{"line":165,"column":8},"end":{"line":165,"column":39}},"30":{"start":{"line":167,"column":6},"end":{"line":167,"column":4954}},"31":{"start":{"line":168,"column":8},"end":{"line":168,"column":38}},"32":{"start":{"line":170,"column":6},"end":{"line":170,"column":5066}},"33":{"start":{"line":171,"column":8},"end":{"line":171,"column":44}},"34":{"start":{"line":194,"column":6},"end":{"line":194,"column":5852}},"35":{"start":{"line":195,"column":8},"end":{"line":195,"column":53}},"36":{"start":{"line":197,"column":6},"end":{"line":197,"column":5994}},"37":{"start":{"line":198,"column":8},"end":{"line":198,"column":40}},"38":{"start":{"line":200,"column":6},"end":{"line":200,"column":6110}},"39":{"start":{"line":201,"column":8},"end":{"line":201,"column":43}},"40":{"start":{"line":203,"column":6},"end":{"line":203,"column":6232}},"41":{"start":{"line":204,"column":8},"end":{"line":204,"column":37}},"42":{"start":{"line":206,"column":6},"end":{"line":206,"column":6342}},"43":{"start":{"line":207,"column":8},"end":{"line":207,"column":40}},"44":{"start":{"line":209,"column":6},"end":{"line":209,"column":6458}},"45":{"start":{"line":210,"column":8},"end":{"line":210,"column":38}},"46":{"start":{"line":212,"column":6},"end":{"line":212,"column":6570}},"47":{"start":{"line":213,"column":8},"end":{"line":213,"column":48}},"48":{"start":{"line":215,"column":6},"end":{"line":215,"column":6703}},"49":{"start":{"line":216,"column":8},"end":{"line":216,"column":39}},"50":{"start":{"line":227,"column":4},"end":{"line":227,"column":20}},"51":{"start":{"line":228,"column":4},"end":{"line":228,"column":59}},"52":{"start":{"line":229,"column":4},"end":{"line":229,"column":15}},"53":{"start":{"line":240,"column":4},"end":{"line":240,"column":65}},"54":{"start":{"line":242,"column":4},"end":{"line":242,"column":15}},"55":{"start":{"line":254,"column":4},"end":{"line":254,"column":20}},"56":{"start":{"line":255,"column":4},"end":{"line":255,"column":59}},"57":{"start":{"line":256,"column":4},"end":{"line":256,"column":8147}},"58":{"start":{"line":271,"column":4},"end":{"line":271,"column":20}},"59":{"start":{"line":272,"column":4},"end":{"line":272,"column":59}},"60":{"start":{"line":273,"column":4},"end":{"line":273,"column":76}},"61":{"start":{"line":277,"column":4},"end":{"line":277,"column":38}}},"branchMap":{"1":{"line":78,"type":"if","locations":[{"start":{"line":78,"column":4},"end":{"line":78,"column":4}},{"start":{"line":78,"column":4},"end":{"line":78,"column":4}}]},"2":{"line":79,"type":"if","locations":[{"start":{"line":79,"column":4},"end":{"line":79,"column":4}},{"start":{"line":79,"column":4},"end":{"line":79,"column":4}}]},"3":{"line":80,"type":"if","locations":[{"start":{"line":80,"column":4},"end":{"line":80,"column":4}},{"start":{"line":80,"column":4},"end":{"line":80,"column":4}}]},"4":{"line":81,"type":"if","locations":[{"start":{"line":81,"column":4},"end":{"line":81,"column":4}},{"start":{"line":81,"column":4},"end":{"line":81,"column":4}}]},"5":{"line":82,"type":"if","locations":[{"start":{"line":82,"column":4},"end":{"line":82,"column":4}},{"start":{"line":82,"column":4},"end":{"line":82,"column":4}}]},"6":{"line":83,"type":"if","locations":[{"start":{"line":83,"column":4},"end":{"line":83,"column":4}},{"start":{"line":83,"column":4},"end":{"line":83,"column":4}}]},"7":{"line":84,"type":"if","locations":[{"start":{"line":84,"column":4},"end":{"line":84,"column":4}},{"start":{"line":84,"column":4},"end":{"line":84,"column":4}}]},"8":{"line":85,"type":"if","locations":[{"start":{"line":85,"column":4},"end":{"line":85,"column":4}},{"start":{"line":85,"column":4},"end":{"line":85,"column":4}}]},"9":{"line":86,"type":"if","locations":[{"start":{"line":86,"column":4},"end":{"line":86,"column":4}},{"start":{"line":86,"column":4},"end":{"line":86,"column":4}}]},"10":{"line":87,"type":"if","locations":[{"start":{"line":87,"column":4},"end":{"line":87,"column":4}},{"start":{"line":87,"column":4},"end":{"line":87,"column":4}}]},"11":{"line":88,"type":"if","locations":[{"start":{"line":88,"column":4},"end":{"line":88,"column":4}},{"start":{"line":88,"column":4},"end":{"line":88,"column":4}}]},"12":{"line":89,"type":"if","locations":[{"start":{"line":89,"column":4},"end":{"line":89,"column":4}},{"start":{"line":89,"column":4},"end":{"line":89,"column":4}}]},"13":{"line":90,"type":"if","locations":[{"start":{"line":90,"column":4},"end":{"line":90,"column":4}},{"start":{"line":90,"column":4},"end":{"line":90,"column":4}}]},"14":{"line":91,"type":"if","locations":[{"start":{"line":91,"column":4},"end":{"line":91,"column":4}},{"start":{"line":91,"column":4},"end":{"line":91,"column":4}}]},"15":{"line":92,"type":"if","locations":[{"start":{"line":92,"column":4},"end":{"line":92,"column":4}},{"start":{"line":92,"column":4},"end":{"line":92,"column":4}}]},"16":{"line":130,"type":"if","locations":[{"start":{"line":130,"column":4},"end":{"line":130,"column":4}},{"start":{"line":130,"column":4},"end":{"line":130,"column":4}}]},"17":{"line":131,"type":"if","locations":[{"start":{"line":131,"column":4},"end":{"line":131,"column":4}},{"start":{"line":131,"column":4},"end":{"line":131,"column":4}}]},"18":{"line":158,"type":"if","locations":[{"start":{"line":158,"column":6},"end":{"line":158,"column":6}},{"start":{"line":158,"column":6},"end":{"line":158,"column":6}}]},"19":{"line":161,"type":"if","locations":[{"start":{"line":161,"column":6},"end":{"line":161,"column":6}},{"start":{"line":161,"column":6},"end":{"line":161,"column":6}}]},"20":{"line":164,"type":"if","locations":[{"start":{"line":164,"column":6},"end":{"line":164,"column":6}},{"start":{"line":164,"column":6},"end":{"line":164,"column":6}}]},"21":{"line":167,"type":"if","locations":[{"start":{"line":167,"column":6},"end":{"line":167,"column":6}},{"start":{"line":167,"column":6},"end":{"line":167,"column":6}}]},"22":{"line":170,"type":"if","locations":[{"start":{"line":170,"column":6},"end":{"line":170,"column":6}},{"start":{"line":170,"column":6},"end":{"line":170,"column":6}}]},"23":{"line":194,"type":"if","locations":[{"start":{"line":194,"column":6},"end":{"line":194,"column":6}},{"start":{"line":194,"column":6},"end":{"line":194,"column":6}}]},"24":{"line":197,"type":"if","locations":[{"start":{"line":197,"column":6},"end":{"line":197,"column":6}},{"start":{"line":197,"column":6},"end":{"line":197,"column":6}}]},"25":{"line":200,"type":"if","locations":[{"start":{"line":200,"column":6},"end":{"line":200,"column":6}},{"start":{"line":200,"column":6},"end":{"line":200,"column":6}}]},"26":{"line":203,"type":"if","locations":[{"start":{"line":203,"column":6},"end":{"line":203,"column":6}},{"start":{"line":203,"column":6},"end":{"line":203,"column":6}}]},"27":{"line":206,"type":"if","locations":[{"start":{"line":206,"column":6},"end":{"line":206,"column":6}},{"start":{"line":206,"column":6},"end":{"line":206,"column":6}}]},"28":{"line":209,"type":"if","locations":[{"start":{"line":209,"column":6},"end":{"line":209,"column":6}},{"start":{"line":209,"column":6},"end":{"line":209,"column":6}}]},"29":{"line":212,"type":"if","locations":[{"start":{"line":212,"column":6},"end":{"line":212,"column":6}},{"start":{"line":212,"column":6},"end":{"line":212,"column":6}}]},"30":{"line":215,"type":"if","locations":[{"start":{"line":215,"column":6},"end":{"line":215,"column":6}},{"start":{"line":215,"column":6},"end":{"line":215,"column":6}}]},"31":{"line":227,"type":"if","locations":[{"start":{"line":227,"column":4},"end":{"line":227,"column":4}},{"start":{"line":227,"column":4},"end":{"line":227,"column":4}}]},"32":{"line":228,"type":"if","locations":[{"start":{"line":228,"column":4},"end":{"line":228,"column":4}},{"start":{"line":228,"column":4},"end":{"line":228,"column":4}}]},"33":{"line":240,"type":"if","locations":[{"start":{"line":240,"column":4},"end":{"line":240,"column":4}},{"start":{"line":240,"column":4},"end":{"line":240,"column":4}}]},"34":{"line":254,"type":"if","locations":[{"start":{"line":254,"column":4},"end":{"line":254,"column":4}},{"start":{"line":254,"column":4},"end":{"line":254,"column":4}}]},"35":{"line":255,"type":"if","locations":[{"start":{"line":255,"column":4},"end":{"line":255,"column":4}},{"start":{"line":255,"column":4},"end":{"line":255,"column":4}}]},"36":{"line":271,"type":"if","locations":[{"start":{"line":271,"column":4},"end":{"line":271,"column":4}},{"start":{"line":271,"column":4},"end":{"line":271,"column":4}}]},"37":{"line":272,"type":"if","locations":[{"start":{"line":272,"column":4},"end":{"line":272,"column":4}},{"start":{"line":272,"column":4},"end":{"line":272,"column":4}}]}}},"contracts/BuildingsQueue.sol":{"l":{"75":37,"84":37,"93":37,"102":39,"104":38,"106":38,"108":37,"109":37,"110":37,"111":37,"114":37,"116":36,"117":36,"118":36,"120":36,"127":36,"143":5,"144":5,"146":4,"147":4,"149":4,"150":3,"153":4,"154":4,"156":4,"157":1,"158":1,"161":3,"162":3,"163":3,"164":3,"167":3,"169":3,"171":3,"183":3,"184":3,"185":2,"187":2,"188":2,"189":2,"191":2,"192":1,"195":2,"197":2,"199":2,"200":2,"201":2,"202":2,"203":2,"205":2,"206":2,"208":2,"212":2,"223":9,"225":8,"226":8,"228":8,"230":8,"232":8,"233":6,"234":6,"236":6,"239":8,"240":8,"242":8,"243":8,"245":8,"247":7,"261":12,"262":12,"263":15,"264":9,"267":3,"278":6,"279":6,"281":7,"282":7,"283":4,"284":1,"286":4,"287":3,"289":4,"291":3,"292":3,"307":3,"309":3,"310":1,"312":3,"313":3,"315":3,"316":3,"327":6,"328":13,"329":6,"331":7,"334":6,"335":6,"345":4,"346":4,"348":3,"349":3,"363":39,"364":39,"365":39,"366":21,"368":38,"369":17,"371":38,"372":1,"384":38,"385":38,"386":38,"387":16,"388":16,"389":16,"392":38,"401":4,"403":4,"404":4,"405":4,"406":5,"408":4,"418":1,"420":1,"421":1,"422":1,"423":1,"424":1,"425":1,"427":1,"438":4,"440":4,"441":4,"442":4,"443":4,"444":4,"445":14,"446":14,"447":14,"449":4,"460":1,"461":1,"462":1,"474":3,"475":3,"477":3,"489":54,"490":54,"491":54,"492":54,"495":54,"496":50,"497":6,"499":6,"500":5,"502":1,"506":6,"507":6,"508":2,"511":6,"512":4,"518":54},"path":"/Users/lbertenasco/Experimental/crypto-wars-solidity/contracts/BuildingsQueue.sol","s":{"1":37,"2":37,"3":37,"4":39,"5":38,"6":38,"7":37,"8":37,"9":36,"10":36,"11":36,"12":36,"13":5,"14":5,"15":4,"16":4,"17":4,"18":4,"19":4,"20":4,"21":1,"22":1,"23":3,"24":3,"25":3,"26":3,"27":3,"28":3,"29":3,"30":3,"31":3,"32":2,"33":2,"34":2,"35":1,"36":2,"37":2,"38":2,"39":2,"40":2,"41":2,"42":2,"43":9,"44":8,"45":8,"46":6,"47":6,"48":6,"49":8,"50":8,"51":8,"52":8,"53":7,"54":12,"55":12,"56":15,"57":9,"58":3,"59":6,"60":7,"61":7,"62":4,"63":1,"64":4,"65":3,"66":4,"67":3,"68":3,"69":3,"70":3,"71":1,"72":3,"73":3,"74":3,"75":6,"76":13,"77":7,"78":6,"79":6,"80":4,"81":4,"82":3,"83":3,"84":39,"85":39,"86":39,"87":21,"88":38,"89":17,"90":38,"91":1,"92":38,"93":38,"94":38,"95":16,"96":16,"97":16,"98":38,"99":4,"100":4,"101":4,"102":4,"103":5,"104":4,"105":1,"106":1,"107":1,"108":1,"109":1,"110":1,"111":1,"112":1,"113":4,"114":4,"115":4,"116":4,"117":4,"118":4,"119":14,"120":14,"121":14,"122":4,"123":1,"124":1,"125":1,"126":3,"127":3,"128":3,"129":54,"130":54,"131":50,"132":6,"133":6,"134":5,"135":1,"136":6,"137":6,"138":2,"139":6,"140":4,"141":54},"b":{"1":[38,1],"2":[37,1],"3":[5,0],"4":[4,1],"5":[1,3],"6":[3,0],"7":[3,0],"8":[3,0],"9":[2,1],"10":[2,0],"11":[1,1],"12":[2,0],"13":[2,0],"14":[8,1],"15":[6,2],"16":[6,0],"17":[6,0],"18":[12,0],"19":[9,6],"20":[4,3],"21":[1,3],"22":[3,1],"23":[3,0],"24":[6,7],"25":[4,0],"26":[3,1],"27":[39,0],"28":[39,0],"29":[21,18],"30":[20,1],"31":[17,21],"32":[17,0],"33":[1,37],"34":[1,0],"35":[16,22],"36":[16,0],"37":[4,0],"38":[1,0],"39":[4,0],"40":[1,0],"41":[1,0],"42":[3,0],"43":[3,0],"44":[6,44],"45":[5,1],"46":[6,0],"47":[2,4],"48":[4,2]},"f":{"1":37,"2":37,"3":37,"4":39,"5":5,"6":3,"7":9,"8":12,"9":6,"10":3,"11":6,"12":4,"13":39,"14":38,"15":4,"16":1,"17":4,"18":1,"19":3,"20":54},"fnMap":{"1":{"name":"setUserBuildings","line":74,"loc":{"start":{"line":74,"column":2},"end":{"line":74,"column":70}}},"2":{"name":"setBuildingsData","line":83,"loc":{"start":{"line":83,"column":2},"end":{"line":83,"column":70}}},"3":{"name":"setUserResources","line":92,"loc":{"start":{"line":92,"column":2},"end":{"line":92,"column":70}}},"4":{"name":"addNewBuildingToQueue","line":101,"loc":{"start":{"line":101,"column":2},"end":{"line":101,"column":51}}},"5":{"name":"updateQueue","line":142,"loc":{"start":{"line":142,"column":2},"end":{"line":142,"column":44}}},"6":{"name":"upgradeBuilding","line":182,"loc":{"start":{"line":182,"column":2},"end":{"line":182,"column":77}}},"7":{"name":"removeBuilding","line":222,"loc":{"start":{"line":222,"column":2},"end":{"line":222,"column":57}}},"8":{"name":"findBuildingInQueue","line":260,"loc":{"start":{"line":260,"column":2},"end":{"line":260,"column":121}}},"9":{"name":"updateQueueBlocks","line":277,"loc":{"start":{"line":277,"column":2},"end":{"line":277,"column":70}}},"10":{"name":"shiftUserBuildings","line":306,"loc":{"start":{"line":306,"column":2},"end":{"line":306,"column":91}}},"11":{"name":"shiftOneUserBuilding","line":326,"loc":{"start":{"line":326,"column":2},"end":{"line":326,"column":83}}},"12":{"name":"getLastUserBuilding","line":342,"loc":{"start":{"line":342,"column":2},"end":{"line":344,"column":80}}},"13":{"name":"consumeResources","line":362,"loc":{"start":{"line":362,"column":2},"end":{"line":362,"column":84}}},"14":{"name":"getStartBlock","line":383,"loc":{"start":{"line":383,"column":2},"end":{"line":383,"column":63}}},"15":{"name":"getBuildingsInQueue","line":400,"loc":{"start":{"line":400,"column":2},"end":{"line":400,"column":71}}},"16":{"name":"getBuildingsIdAndIndex","line":417,"loc":{"start":{"line":417,"column":2},"end":{"line":417,"column":82}}},"17":{"name":"getIdAndBlocks","line":437,"loc":{"start":{"line":437,"column":2},"end":{"line":437,"column":82}}},"18":{"name":"getBuildingIdAndEndBlock","line":459,"loc":{"start":{"line":459,"column":2},"end":{"line":459,"column":105}}},"19":{"name":"getBuildingIndex","line":473,"loc":{"start":{"line":473,"column":2},"end":{"line":473,"column":101}}},"20":{"name":"getUserQueueResources","line":488,"loc":{"start":{"line":488,"column":2},"end":{"line":488,"column":100}}}},"statementMap":{"1":{"start":{"line":75,"column":4},"end":{"line":75,"column":48}},"2":{"start":{"line":84,"column":4},"end":{"line":84,"column":48}},"3":{"start":{"line":93,"column":4},"end":{"line":93,"column":48}},"4":{"start":{"line":102,"column":4},"end":{"line":102,"column":49}},"5":{"start":{"line":104,"column":4},"end":{"line":104,"column":53}},"6":{"start":{"line":106,"column":4},"end":{"line":106,"column":66}},"7":{"start":{"line":111,"column":4},"end":{"line":111,"column":69}},"8":{"start":{"line":114,"column":4},"end":{"line":114,"column":52}},"9":{"start":{"line":116,"column":4},"end":{"line":116,"column":46}},"10":{"start":{"line":117,"column":4},"end":{"line":117,"column":62}},"11":{"start":{"line":118,"column":4},"end":{"line":118,"column":41}},"12":{"start":{"line":127,"column":4},"end":{"line":127,"column":4362}},"13":{"start":{"line":143,"column":4},"end":{"line":143,"column":31}},"14":{"start":{"line":144,"column":4},"end":{"line":144,"column":48}},"15":{"start":{"line":146,"column":4},"end":{"line":146,"column":49}},"16":{"start":{"line":147,"column":4},"end":{"line":147,"column":13}},"17":{"start":{"line":149,"column":4},"end":{"line":149,"column":5131}},"18":{"start":{"line":153,"column":4},"end":{"line":153,"column":44}},"19":{"start":{"line":154,"column":4},"end":{"line":154,"column":48}},"20":{"start":{"line":156,"column":4},"end":{"line":156,"column":5330}},"21":{"start":{"line":157,"column":6},"end":{"line":157,"column":53}},"22":{"start":{"line":158,"column":6},"end":{"line":158,"column":12}},"23":{"start":{"line":161,"column":4},"end":{"line":161,"column":5425}},"24":{"start":{"line":162,"column":6},"end":{"line":162,"column":58}},"25":{"start":{"line":163,"column":6},"end":{"line":163,"column":33}},"26":{"start":{"line":164,"column":6},"end":{"line":164,"column":40}},"27":{"start":{"line":167,"column":4},"end":{"line":167,"column":79}},"28":{"start":{"line":169,"column":4},"end":{"line":169,"column":40}},"29":{"start":{"line":171,"column":4},"end":{"line":171,"column":51}},"30":{"start":{"line":183,"column":4},"end":{"line":183,"column":49}},"31":{"start":{"line":184,"column":4},"end":{"line":184,"column":58}},"32":{"start":{"line":185,"column":4},"end":{"line":185,"column":57}},"33":{"start":{"line":189,"column":4},"end":{"line":189,"column":91}},"34":{"start":{"line":191,"column":4},"end":{"line":191,"column":6538}},"35":{"start":{"line":192,"column":6},"end":{"line":192,"column":28}},"36":{"start":{"line":195,"column":4},"end":{"line":195,"column":66}},"37":{"start":{"line":197,"column":4},"end":{"line":197,"column":66}},"38":{"start":{"line":202,"column":4},"end":{"line":202,"column":69}},"39":{"start":{"line":203,"column":4},"end":{"line":203,"column":52}},"40":{"start":{"line":205,"column":4},"end":{"line":205,"column":46}},"41":{"start":{"line":206,"column":4},"end":{"line":206,"column":41}},"42":{"start":{"line":212,"column":4},"end":{"line":212,"column":62}},"43":{"start":{"line":223,"column":4},"end":{"line":223,"column":49}},"44":{"start":{"line":228,"column":4},"end":{"line":228,"column":91}},"45":{"start":{"line":232,"column":4},"end":{"line":232,"column":7839}},"46":{"start":{"line":233,"column":6},"end":{"line":233,"column":7872}},"47":{"start":{"line":234,"column":10},"end":{"line":234,"column":60}},"48":{"start":{"line":236,"column":6},"end":{"line":236,"column":68}},"49":{"start":{"line":239,"column":4},"end":{"line":239,"column":36}},"50":{"start":{"line":240,"column":4},"end":{"line":240,"column":40}},"51":{"start":{"line":242,"column":4},"end":{"line":242,"column":15}},"52":{"start":{"line":243,"column":4},"end":{"line":243,"column":22}},"53":{"start":{"line":247,"column":4},"end":{"line":247,"column":42}},"54":{"start":{"line":261,"column":4},"end":{"line":261,"column":23}},"55":{"start":{"line":262,"column":4},"end":{"line":262,"column":8899}},"56":{"start":{"line":263,"column":6},"end":{"line":263,"column":8969}},"57":{"start":{"line":264,"column":8},"end":{"line":264,"column":24}},"58":{"start":{"line":267,"column":4},"end":{"line":267,"column":21}},"59":{"start":{"line":279,"column":4},"end":{"line":279,"column":9524}},"60":{"start":{"line":281,"column":6},"end":{"line":281,"column":93}},"61":{"start":{"line":282,"column":6},"end":{"line":282,"column":9761}},"62":{"start":{"line":283,"column":8},"end":{"line":283,"column":9799}},"63":{"start":{"line":284,"column":10},"end":{"line":284,"column":94}},"64":{"start":{"line":286,"column":8},"end":{"line":286,"column":9987}},"65":{"start":{"line":287,"column":10},"end":{"line":287,"column":71}},"66":{"start":{"line":289,"column":8},"end":{"line":289,"column":95}},"67":{"start":{"line":291,"column":8},"end":{"line":291,"column":90}},"68":{"start":{"line":292,"column":8},"end":{"line":292,"column":95}},"69":{"start":{"line":307,"column":8},"end":{"line":307,"column":59}},"70":{"start":{"line":309,"column":8},"end":{"line":309,"column":11084}},"71":{"start":{"line":310,"column":12},"end":{"line":310,"column":80}},"72":{"start":{"line":312,"column":8},"end":{"line":312,"column":11252}},"73":{"start":{"line":315,"column":8},"end":{"line":315,"column":50}},"74":{"start":{"line":316,"column":8},"end":{"line":316,"column":19}},"75":{"start":{"line":327,"column":4},"end":{"line":327,"column":11889}},"76":{"start":{"line":328,"column":6},"end":{"line":328,"column":11964}},"77":{"start":{"line":331,"column":8},"end":{"line":331,"column":70}},"78":{"start":{"line":334,"column":4},"end":{"line":334,"column":40}},"79":{"start":{"line":335,"column":4},"end":{"line":335,"column":15}},"80":{"start":{"line":345,"column":4},"end":{"line":345,"column":31}},"81":{"start":{"line":346,"column":4},"end":{"line":346,"column":48}},"82":{"start":{"line":348,"column":4},"end":{"line":348,"column":83}},"83":{"start":{"line":349,"column":4},"end":{"line":349,"column":43}},"84":{"start":{"line":363,"column":4},"end":{"line":363,"column":74}},"85":{"start":{"line":364,"column":4},"end":{"line":364,"column":13500}},"86":{"start":{"line":365,"column":6},"end":{"line":365,"column":13526}},"87":{"start":{"line":366,"column":8},"end":{"line":366,"column":56}},"88":{"start":{"line":368,"column":6},"end":{"line":368,"column":13625}},"89":{"start":{"line":369,"column":8},"end":{"line":369,"column":59}},"90":{"start":{"line":371,"column":6},"end":{"line":371,"column":13727}},"91":{"start":{"line":372,"column":8},"end":{"line":372,"column":63}},"92":{"start":{"line":384,"column":4},"end":{"line":384,"column":49}},"93":{"start":{"line":385,"column":4},"end":{"line":385,"column":33}},"94":{"start":{"line":386,"column":4},"end":{"line":386,"column":14188}},"95":{"start":{"line":387,"column":6},"end":{"line":387,"column":84}},"96":{"start":{"line":388,"column":6},"end":{"line":388,"column":14301}},"97":{"start":{"line":389,"column":8},"end":{"line":389,"column":41}},"98":{"start":{"line":392,"column":4},"end":{"line":392,"column":21}},"99":{"start":{"line":401,"column":4},"end":{"line":401,"column":31}},"100":{"start":{"line":403,"column":4},"end":{"line":403,"column":49}},"101":{"start":{"line":404,"column":4},"end":{"line":404,"column":47}},"102":{"start":{"line":405,"column":4},"end":{"line":405,"column":14840}},"103":{"start":{"line":406,"column":6},"end":{"line":406,"column":51}},"104":{"start":{"line":408,"column":4},"end":{"line":408,"column":20}},"105":{"start":{"line":418,"column":4},"end":{"line":418,"column":31}},"106":{"start":{"line":420,"column":4},"end":{"line":420,"column":49}},"107":{"start":{"line":421,"column":4},"end":{"line":421,"column":41}},"108":{"start":{"line":422,"column":4},"end":{"line":422,"column":45}},"109":{"start":{"line":423,"column":4},"end":{"line":423,"column":15497}},"110":{"start":{"line":424,"column":6},"end":{"line":424,"column":45}},"111":{"start":{"line":425,"column":6},"end":{"line":425,"column":52}},"112":{"start":{"line":427,"column":4},"end":{"line":427,"column":25}},"113":{"start":{"line":438,"column":4},"end":{"line":438,"column":31}},"114":{"start":{"line":440,"column":4},"end":{"line":440,"column":49}},"115":{"start":{"line":441,"column":4},"end":{"line":441,"column":41}},"116":{"start":{"line":442,"column":4},"end":{"line":442,"column":49}},"117":{"start":{"line":443,"column":4},"end":{"line":443,"column":47}},"118":{"start":{"line":444,"column":4},"end":{"line":444,"column":16306}},"119":{"start":{"line":445,"column":6},"end":{"line":445,"column":45}},"120":{"start":{"line":446,"column":6},"end":{"line":446,"column":61}},"121":{"start":{"line":447,"column":6},"end":{"line":447,"column":57}},"122":{"start":{"line":449,"column":4},"end":{"line":449,"column":40}},"123":{"start":{"line":460,"column":4},"end":{"line":460,"column":23}},"124":{"start":{"line":461,"column":4},"end":{"line":461,"column":54}},"125":{"start":{"line":462,"column":4},"end":{"line":462,"column":93}},"126":{"start":{"line":474,"column":4},"end":{"line":474,"column":31}},"127":{"start":{"line":475,"column":4},"end":{"line":475,"column":60}},"128":{"start":{"line":477,"column":4},"end":{"line":477,"column":104}},"129":{"start":{"line":492,"column":4},"end":{"line":492,"column":59}},"130":{"start":{"line":495,"column":2},"end":{"line":495,"column":18441}},"131":{"start":{"line":496,"column":6},"end":{"line":496,"column":18511}},"132":{"start":{"line":497,"column":8},"end":{"line":497,"column":102}},"133":{"start":{"line":499,"column":8},"end":{"line":499,"column":18687}},"134":{"start":{"line":500,"column":10},"end":{"line":500,"column":81}},"135":{"start":{"line":502,"column":10},"end":{"line":502,"column":55}},"136":{"start":{"line":506,"column":8},"end":{"line":506,"column":18925}},"137":{"start":{"line":507,"column":10},"end":{"line":507,"column":18953}},"138":{"start":{"line":508,"column":12},"end":{"line":508,"column":76}},"139":{"start":{"line":511,"column":10},"end":{"line":511,"column":19075}},"140":{"start":{"line":512,"column":12},"end":{"line":512,"column":85}},"141":{"start":{"line":518,"column":4},"end":{"line":518,"column":36}}},"branchMap":{"1":{"line":102,"type":"if","locations":[{"start":{"line":102,"column":4},"end":{"line":102,"column":4}},{"start":{"line":102,"column":4},"end":{"line":102,"column":4}}]},"2":{"line":106,"type":"if","locations":[{"start":{"line":106,"column":4},"end":{"line":106,"column":4}},{"start":{"line":106,"column":4},"end":{"line":106,"column":4}}]},"3":{"line":143,"type":"if","locations":[{"start":{"line":143,"column":4},"end":{"line":143,"column":4}},{"start":{"line":143,"column":4},"end":{"line":143,"column":4}}]},"4":{"line":144,"type":"if","locations":[{"start":{"line":144,"column":4},"end":{"line":144,"column":4}},{"start":{"line":144,"column":4},"end":{"line":144,"column":4}}]},"5":{"line":156,"type":"if","locations":[{"start":{"line":156,"column":4},"end":{"line":156,"column":4}},{"start":{"line":156,"column":4},"end":{"line":156,"column":4}}]},"6":{"line":167,"type":"if","locations":[{"start":{"line":167,"column":4},"end":{"line":167,"column":4}},{"start":{"line":167,"column":4},"end":{"line":167,"column":4}}]},"7":{"line":169,"type":"if","locations":[{"start":{"line":169,"column":4},"end":{"line":169,"column":4}},{"start":{"line":169,"column":4},"end":{"line":169,"column":4}}]},"8":{"line":183,"type":"if","locations":[{"start":{"line":183,"column":4},"end":{"line":183,"column":4}},{"start":{"line":183,"column":4},"end":{"line":183,"column":4}}]},"9":{"line":184,"type":"if","locations":[{"start":{"line":184,"column":4},"end":{"line":184,"column":4}},{"start":{"line":184,"column":4},"end":{"line":184,"column":4}}]},"10":{"line":185,"type":"if","locations":[{"start":{"line":185,"column":4},"end":{"line":185,"column":4}},{"start":{"line":185,"column":4},"end":{"line":185,"column":4}}]},"11":{"line":191,"type":"if","locations":[{"start":{"line":191,"column":4},"end":{"line":191,"column":4}},{"start":{"line":191,"column":4},"end":{"line":191,"column":4}}]},"12":{"line":195,"type":"if","locations":[{"start":{"line":195,"column":4},"end":{"line":195,"column":4}},{"start":{"line":195,"column":4},"end":{"line":195,"column":4}}]},"13":{"line":197,"type":"if","locations":[{"start":{"line":197,"column":4},"end":{"line":197,"column":4}},{"start":{"line":197,"column":4},"end":{"line":197,"column":4}}]},"14":{"line":223,"type":"if","locations":[{"start":{"line":223,"column":4},"end":{"line":223,"column":4}},{"start":{"line":223,"column":4},"end":{"line":223,"column":4}}]},"15":{"line":232,"type":"if","locations":[{"start":{"line":232,"column":4},"end":{"line":232,"column":4}},{"start":{"line":232,"column":4},"end":{"line":232,"column":4}}]},"16":{"line":233,"type":"if","locations":[{"start":{"line":233,"column":6},"end":{"line":233,"column":6}},{"start":{"line":233,"column":6},"end":{"line":233,"column":6}}]},"17":{"line":236,"type":"if","locations":[{"start":{"line":236,"column":6},"end":{"line":236,"column":6}},{"start":{"line":236,"column":6},"end":{"line":236,"column":6}}]},"18":{"line":261,"type":"if","locations":[{"start":{"line":261,"column":4},"end":{"line":261,"column":4}},{"start":{"line":261,"column":4},"end":{"line":261,"column":4}}]},"19":{"line":263,"type":"if","locations":[{"start":{"line":263,"column":6},"end":{"line":263,"column":6}},{"start":{"line":263,"column":6},"end":{"line":263,"column":6}}]},"20":{"line":282,"type":"if","locations":[{"start":{"line":282,"column":6},"end":{"line":282,"column":6}},{"start":{"line":282,"column":6},"end":{"line":282,"column":6}}]},"21":{"line":283,"type":"if","locations":[{"start":{"line":283,"column":8},"end":{"line":283,"column":8}},{"start":{"line":283,"column":8},"end":{"line":283,"column":8}}]},"22":{"line":286,"type":"if","locations":[{"start":{"line":286,"column":8},"end":{"line":286,"column":8}},{"start":{"line":286,"column":8},"end":{"line":286,"column":8}}]},"23":{"line":307,"type":"if","locations":[{"start":{"line":307,"column":8},"end":{"line":307,"column":8}},{"start":{"line":307,"column":8},"end":{"line":307,"column":8}}]},"24":{"line":328,"type":"if","locations":[{"start":{"line":328,"column":6},"end":{"line":328,"column":6}},{"start":{"line":328,"column":6},"end":{"line":328,"column":6}}]},"25":{"line":345,"type":"if","locations":[{"start":{"line":345,"column":4},"end":{"line":345,"column":4}},{"start":{"line":345,"column":4},"end":{"line":345,"column":4}}]},"26":{"line":346,"type":"if","locations":[{"start":{"line":346,"column":4},"end":{"line":346,"column":4}},{"start":{"line":346,"column":4},"end":{"line":346,"column":4}}]},"27":{"line":363,"type":"if","locations":[{"start":{"line":363,"column":4},"end":{"line":363,"column":4}},{"start":{"line":363,"column":4},"end":{"line":363,"column":4}}]},"28":{"line":364,"type":"if","locations":[{"start":{"line":364,"column":4},"end":{"line":364,"column":4}},{"start":{"line":364,"column":4},"end":{"line":364,"column":4}}]},"29":{"line":365,"type":"if","locations":[{"start":{"line":365,"column":6},"end":{"line":365,"column":6}},{"start":{"line":365,"column":6},"end":{"line":365,"column":6}}]},"30":{"line":366,"type":"if","locations":[{"start":{"line":366,"column":8},"end":{"line":366,"column":8}},{"start":{"line":366,"column":8},"end":{"line":366,"column":8}}]},"31":{"line":368,"type":"if","locations":[{"start":{"line":368,"column":6},"end":{"line":368,"column":6}},{"start":{"line":368,"column":6},"end":{"line":368,"column":6}}]},"32":{"line":369,"type":"if","locations":[{"start":{"line":369,"column":8},"end":{"line":369,"column":8}},{"start":{"line":369,"column":8},"end":{"line":369,"column":8}}]},"33":{"line":371,"type":"if","locations":[{"start":{"line":371,"column":6},"end":{"line":371,"column":6}},{"start":{"line":371,"column":6},"end":{"line":371,"column":6}}]},"34":{"line":372,"type":"if","locations":[{"start":{"line":372,"column":8},"end":{"line":372,"column":8}},{"start":{"line":372,"column":8},"end":{"line":372,"column":8}}]},"35":{"line":386,"type":"if","locations":[{"start":{"line":386,"column":4},"end":{"line":386,"column":4}},{"start":{"line":386,"column":4},"end":{"line":386,"column":4}}]},"36":{"line":388,"type":"if","locations":[{"start":{"line":388,"column":6},"end":{"line":388,"column":6}},{"start":{"line":388,"column":6},"end":{"line":388,"column":6}}]},"37":{"line":401,"type":"if","locations":[{"start":{"line":401,"column":4},"end":{"line":401,"column":4}},{"start":{"line":401,"column":4},"end":{"line":401,"column":4}}]},"38":{"line":418,"type":"if","locations":[{"start":{"line":418,"column":4},"end":{"line":418,"column":4}},{"start":{"line":418,"column":4},"end":{"line":418,"column":4}}]},"39":{"line":438,"type":"if","locations":[{"start":{"line":438,"column":4},"end":{"line":438,"column":4}},{"start":{"line":438,"column":4},"end":{"line":438,"column":4}}]},"40":{"line":460,"type":"if","locations":[{"start":{"line":460,"column":4},"end":{"line":460,"column":4}},{"start":{"line":460,"column":4},"end":{"line":460,"column":4}}]},"41":{"line":461,"type":"if","locations":[{"start":{"line":461,"column":4},"end":{"line":461,"column":4}},{"start":{"line":461,"column":4},"end":{"line":461,"column":4}}]},"42":{"line":474,"type":"if","locations":[{"start":{"line":474,"column":4},"end":{"line":474,"column":4}},{"start":{"line":474,"column":4},"end":{"line":474,"column":4}}]},"43":{"line":475,"type":"if","locations":[{"start":{"line":475,"column":4},"end":{"line":475,"column":4}},{"start":{"line":475,"column":4},"end":{"line":475,"column":4}}]},"44":{"line":496,"type":"if","locations":[{"start":{"line":496,"column":6},"end":{"line":496,"column":6}},{"start":{"line":496,"column":6},"end":{"line":496,"column":6}}]},"45":{"line":499,"type":"if","locations":[{"start":{"line":499,"column":8},"end":{"line":499,"column":8}},{"start":{"line":499,"column":8},"end":{"line":499,"column":8}}]},"46":{"line":506,"type":"if","locations":[{"start":{"line":506,"column":8},"end":{"line":506,"column":8}},{"start":{"line":506,"column":8},"end":{"line":506,"column":8}}]},"47":{"line":507,"type":"if","locations":[{"start":{"line":507,"column":10},"end":{"line":507,"column":10}},{"start":{"line":507,"column":10},"end":{"line":507,"column":10}}]},"48":{"line":511,"type":"if","locations":[{"start":{"line":511,"column":10},"end":{"line":511,"column":10}},{"start":{"line":511,"column":10},"end":{"line":511,"column":10}}]}}},"contracts/UserBuildings.sol":{"l":{"74":50,"83":60,"92":50,"101":23,"110":24,"124":3,"126":3,"128":3,"130":3,"131":3,"132":3,"135":3,"136":3,"139":3,"141":3,"152":40,"154":40,"155":112,"156":112,"159":40,"160":112,"163":40,"165":40,"177":36,"179":36,"181":36,"183":36,"196":12,"198":12,"199":13,"200":13,"201":12,"204":11,"206":11,"208":11,"221":4,"222":4,"223":4,"225":4,"227":4,"237":12,"238":12,"239":12,"240":48,"242":12,"253":9,"266":11,"267":11,"268":11,"269":11,"270":12,"271":12,"272":12,"273":12,"274":7,"276":12,"277":4,"279":12,"280":1,"284":11,"294":60,"295":60,"297":60,"298":201,"299":146,"300":146,"301":48,"304":146,"305":50,"310":60,"321":40,"322":40,"323":40,"324":130,"325":2,"327":128,"329":38},"path":"/Users/lbertenasco/Experimental/crypto-wars-solidity/contracts/UserBuildings.sol","s":{"1":50,"2":60,"3":50,"4":23,"5":24,"6":3,"7":3,"8":3,"9":3,"10":3,"11":3,"12":3,"13":3,"14":3,"15":3,"16":40,"17":40,"18":112,"19":112,"20":40,"21":40,"22":40,"23":36,"24":36,"25":36,"26":12,"27":12,"28":13,"29":13,"30":12,"31":11,"32":11,"33":11,"34":4,"35":4,"36":4,"37":4,"38":4,"39":12,"40":12,"41":12,"42":48,"43":12,"44":9,"45":11,"46":12,"47":12,"48":12,"49":12,"50":12,"51":12,"52":11,"53":60,"54":201,"55":146,"56":146,"57":48,"58":146,"59":50,"60":60,"61":40,"62":40,"63":40,"64":130,"65":2,"66":38},"b":{"1":[3,0],"2":[3,0],"3":[3,0],"4":[3,0],"5":[40,0],"6":[112,0],"7":[112,0],"8":[36,0],"9":[12,0],"10":[13,0],"11":[12,1],"12":[11,0],"13":[4,0],"14":[4,0],"15":[4,0],"16":[12,0],"17":[7,5],"18":[4,8],"19":[1,11],"20":[146,55],"21":[48,98],"22":[50,96],"23":[2,128]},"f":{"1":50,"2":60,"3":50,"4":23,"5":24,"6":3,"7":40,"8":36,"9":12,"10":4,"11":12,"12":9,"13":11,"14":60,"15":40},"fnMap":{"1":{"name":"UserBuildings","line":73,"loc":{"start":{"line":73,"column":2},"end":{"line":73,"column":48}}},"2":{"name":"setUserVillage","line":82,"loc":{"start":{"line":82,"column":2},"end":{"line":82,"column":66}}},"3":{"name":"setUserResources","line":91,"loc":{"start":{"line":91,"column":2},"end":{"line":91,"column":70}}},"4":{"name":"setBuildingsData","line":100,"loc":{"start":{"line":100,"column":2},"end":{"line":100,"column":70}}},"5":{"name":"setBuildingsQueue","line":109,"loc":{"start":{"line":109,"column":2},"end":{"line":109,"column":72}}},"6":{"name":"addUserBuildings","line":123,"loc":{"start":{"line":123,"column":2},"end":{"line":123,"column":96}}},"7":{"name":"addInitialBuildings","line":151,"loc":{"start":{"line":151,"column":2},"end":{"line":151,"column":82}}},"8":{"name":"initNewBuilding","line":176,"loc":{"start":{"line":176,"column":2},"end":{"line":176,"column":81}}},"9":{"name":"removeUserBuildings","line":195,"loc":{"start":{"line":195,"column":2},"end":{"line":195,"column":99}}},"10":{"name":"upgradeBuilding","line":220,"loc":{"start":{"line":220,"column":2},"end":{"line":220,"column":88}}},"11":{"name":"getUserBuildings","line":236,"loc":{"start":{"line":236,"column":2},"end":{"line":236,"column":68}}},"12":{"name":"getUserBuildingIdAndStatus","line":252,"loc":{"start":{"line":252,"column":2},"end":{"line":252,"column":105}}},"13":{"name":"returnResourcesToUser","line":264,"loc":{"start":{"line":264,"column":2},"end":{"line":264,"column":84}}},"14":{"name":"getUserRates","line":293,"loc":{"start":{"line":293,"column":2},"end":{"line":293,"column":99}}},"15":{"name":"buildingTypeIsUnique","line":320,"loc":{"start":{"line":320,"column":2},"end":{"line":320,"column":82}}}},"statementMap":{"1":{"start":{"line":74,"column":4},"end":{"line":74,"column":48}},"2":{"start":{"line":83,"column":4},"end":{"line":83,"column":42}},"3":{"start":{"line":92,"column":4},"end":{"line":92,"column":48}},"4":{"start":{"line":101,"column":4},"end":{"line":101,"column":48}},"5":{"start":{"line":110,"column":4},"end":{"line":110,"column":51}},"6":{"start":{"line":124,"column":4},"end":{"line":124,"column":49}},"7":{"start":{"line":126,"column":4},"end":{"line":126,"column":42}},"8":{"start":{"line":128,"column":4},"end":{"line":128,"column":28}},"9":{"start":{"line":130,"column":4},"end":{"line":130,"column":4456}},"10":{"start":{"line":131,"column":6},"end":{"line":131,"column":26}},"11":{"start":{"line":132,"column":6},"end":{"line":132,"column":55}},"12":{"start":{"line":135,"column":4},"end":{"line":135,"column":4590}},"13":{"start":{"line":136,"column":6},"end":{"line":136,"column":64}},"14":{"start":{"line":139,"column":4},"end":{"line":139,"column":42}},"15":{"start":{"line":141,"column":4},"end":{"line":141,"column":15}},"16":{"start":{"line":152,"column":4},"end":{"line":152,"column":46}},"17":{"start":{"line":154,"column":4},"end":{"line":154,"column":5204}},"18":{"start":{"line":155,"column":6},"end":{"line":155,"column":26}},"19":{"start":{"line":156,"column":6},"end":{"line":156,"column":55}},"20":{"start":{"line":159,"column":4},"end":{"line":159,"column":5343}},"21":{"start":{"line":163,"column":4},"end":{"line":163,"column":35}},"22":{"start":{"line":165,"column":4},"end":{"line":165,"column":15}},"23":{"start":{"line":177,"column":4},"end":{"line":177,"column":49}},"24":{"start":{"line":181,"column":4},"end":{"line":181,"column":58}},"25":{"start":{"line":183,"column":4},"end":{"line":183,"column":42}},"26":{"start":{"line":196,"column":4},"end":{"line":196,"column":42}},"27":{"start":{"line":198,"column":4},"end":{"line":198,"column":6820}},"28":{"start":{"line":199,"column":6},"end":{"line":199,"column":55}},"29":{"start":{"line":200,"column":6},"end":{"line":200,"column":61}},"30":{"start":{"line":201,"column":6},"end":{"line":201,"column":53}},"31":{"start":{"line":204,"column":4},"end":{"line":204,"column":46}},"32":{"start":{"line":206,"column":4},"end":{"line":206,"column":45}},"33":{"start":{"line":208,"column":4},"end":{"line":208,"column":15}},"34":{"start":{"line":221,"column":4},"end":{"line":221,"column":31}},"35":{"start":{"line":222,"column":4},"end":{"line":222,"column":49}},"36":{"start":{"line":223,"column":4},"end":{"line":223,"column":50}},"37":{"start":{"line":225,"column":4},"end":{"line":225,"column":46}},"38":{"start":{"line":227,"column":4},"end":{"line":227,"column":15}},"39":{"start":{"line":237,"column":4},"end":{"line":237,"column":44}},"40":{"start":{"line":238,"column":4},"end":{"line":238,"column":49}},"41":{"start":{"line":239,"column":4},"end":{"line":239,"column":8270}},"42":{"start":{"line":240,"column":6},"end":{"line":240,"column":48}},"43":{"start":{"line":242,"column":4},"end":{"line":242,"column":22}},"44":{"start":{"line":253,"column":4},"end":{"line":253,"column":81}},"45":{"start":{"line":269,"column":4},"end":{"line":269,"column":9559}},"46":{"start":{"line":270,"column":6},"end":{"line":270,"column":75}},"47":{"start":{"line":271,"column":6},"end":{"line":271,"column":9686}},"48":{"start":{"line":272,"column":8},"end":{"line":272,"column":33}},"49":{"start":{"line":273,"column":8},"end":{"line":273,"column":9749}},"50":{"start":{"line":276,"column":8},"end":{"line":276,"column":9857}},"51":{"start":{"line":279,"column":8},"end":{"line":279,"column":9965}},"52":{"start":{"line":284,"column":4},"end":{"line":284,"column":15}},"53":{"start":{"line":297,"column":2},"end":{"line":297,"column":10534}},"54":{"start":{"line":298,"column":6},"end":{"line":298,"column":10599}},"55":{"start":{"line":299,"column":8},"end":{"line":299,"column":97}},"56":{"start":{"line":300,"column":8},"end":{"line":300,"column":10755}},"57":{"start":{"line":301,"column":10},"end":{"line":301,"column":62}},"58":{"start":{"line":304,"column":8},"end":{"line":304,"column":10859}},"59":{"start":{"line":305,"column":10},"end":{"line":305,"column":71}},"60":{"start":{"line":310,"column":4},"end":{"line":310,"column":44}},"61":{"start":{"line":321,"column":4},"end":{"line":321,"column":21}},"62":{"start":{"line":322,"column":4},"end":{"line":322,"column":13}},"63":{"start":{"line":323,"column":4},"end":{"line":323,"column":11530}},"64":{"start":{"line":324,"column":6},"end":{"line":324,"column":11590}},"65":{"start":{"line":325,"column":8},"end":{"line":325,"column":20}},"66":{"start":{"line":329,"column":4},"end":{"line":329,"column":17}}},"branchMap":{"1":{"line":124,"type":"if","locations":[{"start":{"line":124,"column":4},"end":{"line":124,"column":4}},{"start":{"line":124,"column":4},"end":{"line":124,"column":4}}]},"2":{"line":126,"type":"if","locations":[{"start":{"line":126,"column":4},"end":{"line":126,"column":4}},{"start":{"line":126,"column":4},"end":{"line":126,"column":4}}]},"3":{"line":131,"type":"if","locations":[{"start":{"line":131,"column":6},"end":{"line":131,"column":6}},{"start":{"line":131,"column":6},"end":{"line":131,"column":6}}]},"4":{"line":132,"type":"if","locations":[{"start":{"line":132,"column":6},"end":{"line":132,"column":6}},{"start":{"line":132,"column":6},"end":{"line":132,"column":6}}]},"5":{"line":152,"type":"if","locations":[{"start":{"line":152,"column":4},"end":{"line":152,"column":4}},{"start":{"line":152,"column":4},"end":{"line":152,"column":4}}]},"6":{"line":155,"type":"if","locations":[{"start":{"line":155,"column":6},"end":{"line":155,"column":6}},{"start":{"line":155,"column":6},"end":{"line":155,"column":6}}]},"7":{"line":156,"type":"if","locations":[{"start":{"line":156,"column":6},"end":{"line":156,"column":6}},{"start":{"line":156,"column":6},"end":{"line":156,"column":6}}]},"8":{"line":177,"type":"if","locations":[{"start":{"line":177,"column":4},"end":{"line":177,"column":4}},{"start":{"line":177,"column":4},"end":{"line":177,"column":4}}]},"9":{"line":196,"type":"if","locations":[{"start":{"line":196,"column":4},"end":{"line":196,"column":4}},{"start":{"line":196,"column":4},"end":{"line":196,"column":4}}]},"10":{"line":199,"type":"if","locations":[{"start":{"line":199,"column":6},"end":{"line":199,"column":6}},{"start":{"line":199,"column":6},"end":{"line":199,"column":6}}]},"11":{"line":200,"type":"if","locations":[{"start":{"line":200,"column":6},"end":{"line":200,"column":6}},{"start":{"line":200,"column":6},"end":{"line":200,"column":6}}]},"12":{"line":204,"type":"if","locations":[{"start":{"line":204,"column":4},"end":{"line":204,"column":4}},{"start":{"line":204,"column":4},"end":{"line":204,"column":4}}]},"13":{"line":221,"type":"if","locations":[{"start":{"line":221,"column":4},"end":{"line":221,"column":4}},{"start":{"line":221,"column":4},"end":{"line":221,"column":4}}]},"14":{"line":222,"type":"if","locations":[{"start":{"line":222,"column":4},"end":{"line":222,"column":4}},{"start":{"line":222,"column":4},"end":{"line":222,"column":4}}]},"15":{"line":223,"type":"if","locations":[{"start":{"line":223,"column":4},"end":{"line":223,"column":4}},{"start":{"line":223,"column":4},"end":{"line":223,"column":4}}]},"16":{"line":271,"type":"if","locations":[{"start":{"line":271,"column":6},"end":{"line":271,"column":6}},{"start":{"line":271,"column":6},"end":{"line":271,"column":6}}]},"17":{"line":273,"type":"if","locations":[{"start":{"line":273,"column":8},"end":{"line":273,"column":8}},{"start":{"line":273,"column":8},"end":{"line":273,"column":8}}]},"18":{"line":276,"type":"if","locations":[{"start":{"line":276,"column":8},"end":{"line":276,"column":8}},{"start":{"line":276,"column":8},"end":{"line":276,"column":8}}]},"19":{"line":279,"type":"if","locations":[{"start":{"line":279,"column":8},"end":{"line":279,"column":8}},{"start":{"line":279,"column":8},"end":{"line":279,"column":8}}]},"20":{"line":298,"type":"if","locations":[{"start":{"line":298,"column":6},"end":{"line":298,"column":6}},{"start":{"line":298,"column":6},"end":{"line":298,"column":6}}]},"21":{"line":300,"type":"if","locations":[{"start":{"line":300,"column":8},"end":{"line":300,"column":8}},{"start":{"line":300,"column":8},"end":{"line":300,"column":8}}]},"22":{"line":304,"type":"if","locations":[{"start":{"line":304,"column":8},"end":{"line":304,"column":8}},{"start":{"line":304,"column":8},"end":{"line":304,"column":8}}]},"23":{"line":324,"type":"if","locations":[{"start":{"line":324,"column":6},"end":{"line":324,"column":6}},{"start":{"line":324,"column":6},"end":{"line":324,"column":6}}]}}},"contracts/UserResources.sol":{"l":{"100":54,"109":35,"118":45,"128":38,"129":37,"131":37,"132":37,"133":37,"134":37,"136":37,"137":37,"148":38,"163":10,"164":10,"166":10,"167":10,"169":10,"170":10,"173":10,"183":22,"184":22,"185":21,"186":20,"188":20,"190":20,"200":18,"201":18,"202":17,"203":17,"205":17,"207":17,"217":3,"218":3,"219":2,"221":2,"223":2,"238":40,"241":40,"242":40,"243":40,"244":40,"245":40,"246":40,"248":40,"258":39,"259":39,"260":39,"269":52,"271":52,"272":52,"273":52,"275":52,"277":52,"278":43,"282":52,"283":44,"288":52,"289":52,"291":52,"293":50,"294":1,"298":50,"299":3,"304":50,"306":50,"317":6},"path":"/Users/lbertenasco/Experimental/crypto-wars-solidity/contracts/UserResources.sol","s":{"1":54,"2":35,"3":45,"4":38,"5":37,"6":37,"7":37,"8":37,"9":37,"10":37,"11":37,"12":38,"13":10,"14":10,"15":10,"16":10,"17":10,"18":10,"19":10,"20":22,"21":22,"22":21,"23":20,"24":20,"25":20,"26":18,"27":18,"28":17,"29":17,"30":17,"31":17,"32":3,"33":3,"34":2,"35":2,"36":2,"37":40,"38":40,"39":40,"40":40,"41":40,"42":40,"43":40,"44":40,"45":39,"46":39,"47":39,"48":52,"49":52,"50":52,"51":52,"52":52,"53":52,"54":43,"55":52,"56":44,"57":52,"58":52,"59":52,"60":50,"61":1,"62":50,"63":3,"64":50,"65":50,"66":6},"b":{"1":[37,1],"2":[37,0],"3":[10,0],"4":[10,0],"5":[10,0],"6":[22,0],"7":[20,1],"8":[18,0],"9":[17,0],"10":[3,0],"11":[2,1],"12":[40,0],"13":[40,0],"14":[40,0],"15":[40,0],"16":[39,0],"17":[52,0],"18":[43,9],"19":[44,8],"20":[1,49],"21":[3,47]},"f":{"1":54,"2":35,"3":45,"4":38,"5":38,"6":10,"7":22,"8":18,"9":3,"10":40,"11":39,"12":52,"13":6},"fnMap":{"1":{"name":"setUserVillage","line":99,"loc":{"start":{"line":99,"column":1},"end":{"line":99,"column":66}}},"2":{"name":"setBuildingsQueue","line":108,"loc":{"start":{"line":108,"column":1},"end":{"line":108,"column":72}}},"3":{"name":"setUserBuildings","line":117,"loc":{"start":{"line":117,"column":1},"end":{"line":117,"column":70}}},"4":{"name":"initUserResources","line":127,"loc":{"start":{"line":127,"column":1},"end":{"line":127,"column":67}}},"5":{"name":"getUserResources","line":145,"loc":{"start":{"line":145,"column":1},"end":{"line":147,"column":50}}},"6":{"name":"setInitialResources","line":160,"loc":{"start":{"line":160,"column":1},"end":{"line":162,"column":55}}},"7":{"name":"consumeGold","line":182,"loc":{"start":{"line":182,"column":1},"end":{"line":182,"column":74}}},"8":{"name":"consumeCrystal","line":199,"loc":{"start":{"line":199,"column":1},"end":{"line":199,"column":77}}},"9":{"name":"consumeQuantumDust","line":216,"loc":{"start":{"line":216,"column":1},"end":{"line":216,"column":81}}},"10":{"name":"giveResourcesToUser","line":234,"loc":{"start":{"line":234,"column":1},"end":{"line":237,"column":45}}},"11":{"name":"initPayoutBlock","line":257,"loc":{"start":{"line":257,"column":1},"end":{"line":257,"column":65}}},"12":{"name":"payoutResources","line":268,"loc":{"start":{"line":268,"column":1},"end":{"line":268,"column":48}}},"13":{"name":"getUserPayoutBlock","line":316,"loc":{"start":{"line":316,"column":1},"end":{"line":316,"column":68}}}},"statementMap":{"1":{"start":{"line":100,"column":2},"end":{"line":100,"column":40}},"2":{"start":{"line":109,"column":2},"end":{"line":109,"column":49}},"3":{"start":{"line":118,"column":2},"end":{"line":118,"column":46}},"4":{"start":{"line":128,"column":2},"end":{"line":128,"column":44}},"5":{"start":{"line":129,"column":2},"end":{"line":129,"column":44}},"6":{"start":{"line":131,"column":2},"end":{"line":131,"column":41}},"7":{"start":{"line":132,"column":2},"end":{"line":132,"column":41}},"8":{"start":{"line":133,"column":2},"end":{"line":133,"column":47}},"9":{"start":{"line":134,"column":2},"end":{"line":134,"column":55}},"10":{"start":{"line":136,"column":2},"end":{"line":136,"column":74}},"11":{"start":{"line":137,"column":2},"end":{"line":137,"column":13}},"12":{"start":{"line":148,"column":2},"end":{"line":148,"column":4839}},"13":{"start":{"line":163,"column":2},"end":{"line":163,"column":5399}},"14":{"start":{"line":164,"column":5},"end":{"line":164,"column":23}},"15":{"start":{"line":166,"column":2},"end":{"line":166,"column":5474}},"16":{"start":{"line":167,"column":5},"end":{"line":167,"column":29}},"17":{"start":{"line":169,"column":2},"end":{"line":169,"column":5564}},"18":{"start":{"line":170,"column":5},"end":{"line":170,"column":37}},"19":{"start":{"line":173,"column":2},"end":{"line":173,"column":51}},"20":{"start":{"line":183,"column":2},"end":{"line":183,"column":47}},"21":{"start":{"line":184,"column":2},"end":{"line":184,"column":23}},"22":{"start":{"line":185,"column":2},"end":{"line":185,"column":46}},"23":{"start":{"line":186,"column":2},"end":{"line":186,"column":78}},"24":{"start":{"line":188,"column":2},"end":{"line":188,"column":27}},"25":{"start":{"line":190,"column":2},"end":{"line":190,"column":13}},"26":{"start":{"line":200,"column":2},"end":{"line":200,"column":47}},"27":{"start":{"line":201,"column":2},"end":{"line":201,"column":23}},"28":{"start":{"line":202,"column":2},"end":{"line":202,"column":49}},"29":{"start":{"line":203,"column":2},"end":{"line":203,"column":84}},"30":{"start":{"line":205,"column":2},"end":{"line":205,"column":30}},"31":{"start":{"line":207,"column":2},"end":{"line":207,"column":13}},"32":{"start":{"line":217,"column":2},"end":{"line":217,"column":47}},"33":{"start":{"line":218,"column":2},"end":{"line":218,"column":53}},"34":{"start":{"line":219,"column":2},"end":{"line":219,"column":92}},"35":{"start":{"line":221,"column":2},"end":{"line":221,"column":30}},"36":{"start":{"line":223,"column":2},"end":{"line":223,"column":13}},"37":{"start":{"line":238,"column":2},"end":{"line":238,"column":8136}},"38":{"start":{"line":241,"column":2},"end":{"line":241,"column":20}},"39":{"start":{"line":242,"column":2},"end":{"line":242,"column":23}},"40":{"start":{"line":243,"column":2},"end":{"line":243,"column":27}},"41":{"start":{"line":244,"column":2},"end":{"line":244,"column":36}},"42":{"start":{"line":245,"column":2},"end":{"line":245,"column":42}},"43":{"start":{"line":246,"column":2},"end":{"line":246,"column":50}},"44":{"start":{"line":248,"column":2},"end":{"line":248,"column":58}},"45":{"start":{"line":258,"column":2},"end":{"line":258,"column":44}},"46":{"start":{"line":259,"column":2},"end":{"line":259,"column":39}},"47":{"start":{"line":260,"column":2},"end":{"line":260,"column":13}},"48":{"start":{"line":269,"column":3},"end":{"line":269,"column":68}},"49":{"start":{"line":271,"column":2},"end":{"line":271,"column":9201}},"50":{"start":{"line":272,"column":3},"end":{"line":272,"column":19}},"51":{"start":{"line":273,"column":3},"end":{"line":273,"column":22}},"52":{"start":{"line":275,"column":3},"end":{"line":275,"column":61}},"53":{"start":{"line":277,"column":3},"end":{"line":277,"column":9334}},"54":{"start":{"line":278,"column":4},"end":{"line":278,"column":9360}},"55":{"start":{"line":282,"column":3},"end":{"line":282,"column":9479}},"56":{"start":{"line":283,"column":4},"end":{"line":283,"column":9507}},"57":{"start":{"line":288,"column":3},"end":{"line":288,"column":15}},"58":{"start":{"line":289,"column":3},"end":{"line":289,"column":18}},"59":{"start":{"line":291,"column":3},"end":{"line":291,"column":63}},"60":{"start":{"line":293,"column":3},"end":{"line":293,"column":9743}},"61":{"start":{"line":294,"column":4},"end":{"line":294,"column":9765}},"62":{"start":{"line":298,"column":3},"end":{"line":298,"column":9860}},"63":{"start":{"line":299,"column":4},"end":{"line":299,"column":9884}},"64":{"start":{"line":304,"column":3},"end":{"line":304,"column":40}},"65":{"start":{"line":306,"column":3},"end":{"line":306,"column":55}},"66":{"start":{"line":317,"column":2},"end":{"line":317,"column":32}}},"branchMap":{"1":{"line":128,"type":"if","locations":[{"start":{"line":128,"column":2},"end":{"line":128,"column":2}},{"start":{"line":128,"column":2},"end":{"line":128,"column":2}}]},"2":{"line":129,"type":"if","locations":[{"start":{"line":129,"column":2},"end":{"line":129,"column":2}},{"start":{"line":129,"column":2},"end":{"line":129,"column":2}}]},"3":{"line":163,"type":"if","locations":[{"start":{"line":163,"column":2},"end":{"line":163,"column":2}},{"start":{"line":163,"column":2},"end":{"line":163,"column":2}}]},"4":{"line":166,"type":"if","locations":[{"start":{"line":166,"column":2},"end":{"line":166,"column":2}},{"start":{"line":166,"column":2},"end":{"line":166,"column":2}}]},"5":{"line":169,"type":"if","locations":[{"start":{"line":169,"column":2},"end":{"line":169,"column":2}},{"start":{"line":169,"column":2},"end":{"line":169,"column":2}}]},"6":{"line":183,"type":"if","locations":[{"start":{"line":183,"column":2},"end":{"line":183,"column":2}},{"start":{"line":183,"column":2},"end":{"line":183,"column":2}}]},"7":{"line":185,"type":"if","locations":[{"start":{"line":185,"column":2},"end":{"line":185,"column":2}},{"start":{"line":185,"column":2},"end":{"line":185,"column":2}}]},"8":{"line":200,"type":"if","locations":[{"start":{"line":200,"column":2},"end":{"line":200,"column":2}},{"start":{"line":200,"column":2},"end":{"line":200,"column":2}}]},"9":{"line":202,"type":"if","locations":[{"start":{"line":202,"column":2},"end":{"line":202,"column":2}},{"start":{"line":202,"column":2},"end":{"line":202,"column":2}}]},"10":{"line":217,"type":"if","locations":[{"start":{"line":217,"column":2},"end":{"line":217,"column":2}},{"start":{"line":217,"column":2},"end":{"line":217,"column":2}}]},"11":{"line":218,"type":"if","locations":[{"start":{"line":218,"column":2},"end":{"line":218,"column":2}},{"start":{"line":218,"column":2},"end":{"line":218,"column":2}}]},"12":{"line":238,"type":"if","locations":[{"start":{"line":238,"column":2},"end":{"line":238,"column":2}},{"start":{"line":238,"column":2},"end":{"line":238,"column":2}}]},"13":{"line":241,"type":"if","locations":[{"start":{"line":241,"column":2},"end":{"line":241,"column":2}},{"start":{"line":241,"column":2},"end":{"line":241,"column":2}}]},"14":{"line":242,"type":"if","locations":[{"start":{"line":242,"column":2},"end":{"line":242,"column":2}},{"start":{"line":242,"column":2},"end":{"line":242,"column":2}}]},"15":{"line":243,"type":"if","locations":[{"start":{"line":243,"column":2},"end":{"line":243,"column":2}},{"start":{"line":243,"column":2},"end":{"line":243,"column":2}}]},"16":{"line":258,"type":"if","locations":[{"start":{"line":258,"column":2},"end":{"line":258,"column":2}},{"start":{"line":258,"column":2},"end":{"line":258,"column":2}}]},"17":{"line":271,"type":"if","locations":[{"start":{"line":271,"column":2},"end":{"line":271,"column":2}},{"start":{"line":271,"column":2},"end":{"line":271,"column":2}}]},"18":{"line":277,"type":"if","locations":[{"start":{"line":277,"column":3},"end":{"line":277,"column":3}},{"start":{"line":277,"column":3},"end":{"line":277,"column":3}}]},"19":{"line":282,"type":"if","locations":[{"start":{"line":282,"column":3},"end":{"line":282,"column":3}},{"start":{"line":282,"column":3},"end":{"line":282,"column":3}}]},"20":{"line":293,"type":"if","locations":[{"start":{"line":293,"column":3},"end":{"line":293,"column":3}},{"start":{"line":293,"column":3},"end":{"line":293,"column":3}}]},"21":{"line":298,"type":"if","locations":[{"start":{"line":298,"column":3},"end":{"line":298,"column":3}},{"start":{"line":298,"column":3},"end":{"line":298,"column":3}}]}}},"contracts/UserVault.sol":{"l":{"35":56,"45":41,"46":41,"47":39,"48":39,"49":39,"59":2,"60":1,"61":1,"70":3},"path":"/Users/lbertenasco/Experimental/crypto-wars-solidity/contracts/UserVault.sol","s":{"1":56,"2":41,"3":41,"4":39,"5":39,"6":39,"7":2,"8":1,"9":3},"b":{"1":[41,0],"2":[39,2],"3":[1,1]},"f":{"1":56,"2":41,"3":2,"4":3},"fnMap":{"1":{"name":"UserVault","line":34,"loc":{"start":{"line":34,"column":1},"end":{"line":34,"column":48}}},"2":{"name":"add","line":44,"loc":{"start":{"line":44,"column":2},"end":{"line":44,"column":69}}},"3":{"name":"reclaimToken","line":58,"loc":{"start":{"line":58,"column":2},"end":{"line":58,"column":61}}},"4":{"name":"balanceOf","line":69,"loc":{"start":{"line":69,"column":2},"end":{"line":69,"column":79}}}},"statementMap":{"1":{"start":{"line":35,"column":2},"end":{"line":35,"column":58}},"2":{"start":{"line":45,"column":4},"end":{"line":45,"column":24}},"3":{"start":{"line":46,"column":4},"end":{"line":46,"column":64}},"4":{"start":{"line":47,"column":4},"end":{"line":47,"column":49}},"5":{"start":{"line":48,"column":2},"end":{"line":48,"column":25}},"6":{"start":{"line":49,"column":4},"end":{"line":49,"column":15}},"7":{"start":{"line":59,"column":4},"end":{"line":59,"column":39}},"8":{"start":{"line":60,"column":4},"end":{"line":60,"column":43}},"9":{"start":{"line":70,"column":4},"end":{"line":70,"column":26}}},"branchMap":{"1":{"line":45,"type":"if","locations":[{"start":{"line":45,"column":4},"end":{"line":45,"column":4}},{"start":{"line":45,"column":4},"end":{"line":45,"column":4}}]},"2":{"line":46,"type":"if","locations":[{"start":{"line":46,"column":4},"end":{"line":46,"column":4}},{"start":{"line":46,"column":4},"end":{"line":46,"column":4}}]},"3":{"line":59,"type":"if","locations":[{"start":{"line":59,"column":4},"end":{"line":59,"column":4}},{"start":{"line":59,"column":4},"end":{"line":59,"column":4}}]}}},"contracts/UserVillage.sol":{"l":{"45":50,"46":50,"47":50,"64":36,"65":36,"66":36,"68":36,"69":36,"70":36},"path":"/Users/lbertenasco/Experimental/crypto-wars-solidity/contracts/UserVillage.sol","s":{"1":50,"2":50,"3":50,"4":40,"5":39,"6":39,"7":38,"8":37,"9":36,"10":36,"11":36,"12":36,"13":36,"14":36},"b":{"1":[39,1],"2":[39,0],"3":[38,1],"4":[37,1],"5":[36,1],"6":[36,0],"7":[36,0],"8":[36,0]},"f":{"1":50,"2":40},"fnMap":{"1":{"name":"UserVillage","line":42,"loc":{"start":{"line":42,"column":1},"end":{"line":44,"column":37}}},"2":{"name":"create","line":56,"loc":{"start":{"line":56,"column":2},"end":{"line":56,"column":58}}}},"statementMap":{"1":{"start":{"line":45,"column":2},"end":{"line":45,"column":34}},"2":{"start":{"line":46,"column":2},"end":{"line":46,"column":46}},"3":{"start":{"line":47,"column":2},"end":{"line":47,"column":46}},"4":{"start":{"line":57,"column":4},"end":{"line":57,"column":45}},"5":{"start":{"line":58,"column":4},"end":{"line":58,"column":49}},"6":{"start":{"line":59,"column":2},"end":{"line":59,"column":58}},"7":{"start":{"line":60,"column":2},"end":{"line":60,"column":55}},"8":{"start":{"line":63,"column":2},"end":{"line":63,"column":44}},"9":{"start":{"line":64,"column":2},"end":{"line":64,"column":53}},"10":{"start":{"line":65,"column":2},"end":{"line":65,"column":51}},"11":{"start":{"line":66,"column":2},"end":{"line":66,"column":76}},"12":{"start":{"line":68,"column":2},"end":{"line":68,"column":29}},"13":{"start":{"line":69,"column":2},"end":{"line":69,"column":45}},"14":{"start":{"line":70,"column":2},"end":{"line":70,"column":45}}},"branchMap":{"1":{"line":57,"type":"if","locations":[{"start":{"line":57,"column":4},"end":{"line":57,"column":4}},{"start":{"line":57,"column":4},"end":{"line":57,"column":4}}]},"2":{"line":58,"type":"if","locations":[{"start":{"line":58,"column":4},"end":{"line":58,"column":4}},{"start":{"line":58,"column":4},"end":{"line":58,"column":4}}]},"3":{"line":59,"type":"if","locations":[{"start":{"line":59,"column":2},"end":{"line":59,"column":2}},{"start":{"line":59,"column":2},"end":{"line":59,"column":2}}]},"4":{"line":60,"type":"if","locations":[{"start":{"line":60,"column":2},"end":{"line":60,"column":2}},{"start":{"line":60,"column":2},"end":{"line":60,"column":2}}]},"5":{"line":63,"type":"if","locations":[{"start":{"line":63,"column":2},"end":{"line":63,"column":2}},{"start":{"line":63,"column":2},"end":{"line":63,"column":2}}]},"6":{"line":64,"type":"if","locations":[{"start":{"line":64,"column":2},"end":{"line":64,"column":2}},{"start":{"line":64,"column":2},"end":{"line":64,"column":2}}]},"7":{"line":65,"type":"if","locations":[{"start":{"line":65,"column":2},"end":{"line":65,"column":2}},{"start":{"line":65,"column":2},"end":{"line":65,"column":2}}]},"8":{"line":66,"type":"if","locations":[{"start":{"line":66,"column":2},"end":{"line":66,"column":2}},{"start":{"line":66,"column":2},"end":{"line":66,"column":2}}]}}}}