{"contracts/AssetsRequirements.sol":{"l":{"67":134,"77":3,"78":2,"79":1,"80":1,"89":132,"90":131,"99":132,"100":131,"109":132,"110":131,"125":59,"126":58,"127":57,"128":56,"130":54,"131":77,"134":54,"136":54,"148":6,"149":5,"150":4,"152":2,"153":2,"154":2,"155":1,"158":2,"160":1,"162":1,"173":4,"174":3,"176":2,"177":2,"178":2,"179":2,"180":1,"182":1,"185":2,"187":1,"189":1,"202":5,"203":4,"205":2,"206":2,"207":2,"208":2,"209":1,"210":1,"212":2,"215":2,"217":1,"227":95,"229":19,"230":19,"231":19,"233":19,"234":19,"235":19,"237":19,"238":19,"239":19,"240":19,"241":19,"242":23,"243":23,"244":23,"245":5,"247":23,"249":19,"253":19,"254":19,"255":19,"256":19,"257":19,"258":19,"259":34,"260":34,"261":25,"263":9,"266":19,"270":19,"271":19,"272":19,"273":19,"274":19,"275":19,"276":9,"277":9,"278":8,"280":1,"282":9,"284":19,"295":46,"296":46,"300":46,"302":39,"303":19,"305":19,"307":18,"310":39,"312":46,"322":85,"324":84,"325":83,"326":81,"336":6,"347":1,"348":2,"349":1,"351":1,"354":1,"355":1},"path":"/home/lucho/Experimental/crypto-wars-solidity-fetcher/contracts/AssetsRequirements.sol","s":{"1":134,"2":3,"3":2,"4":1,"5":1,"6":132,"7":131,"8":132,"9":131,"10":132,"11":131,"12":59,"13":58,"14":57,"15":56,"16":54,"17":77,"18":54,"19":54,"20":6,"21":5,"22":4,"23":2,"24":2,"25":2,"26":1,"27":2,"28":1,"29":4,"30":3,"31":2,"32":2,"33":2,"34":2,"35":1,"36":2,"37":1,"38":1,"39":5,"40":4,"41":2,"42":2,"43":2,"44":2,"45":1,"46":1,"47":2,"48":1,"49":95,"50":76,"51":19,"52":19,"53":19,"54":19,"55":19,"56":19,"57":19,"58":23,"59":23,"60":23,"61":5,"62":19,"63":19,"64":19,"65":19,"66":19,"67":34,"68":34,"69":25,"70":19,"71":19,"72":19,"73":19,"74":19,"75":9,"76":9,"77":8,"78":1,"79":19,"80":46,"81":46,"82":46,"83":39,"84":19,"85":19,"86":18,"87":46,"88":85,"89":84,"90":83,"91":81,"92":6,"93":1,"94":2,"95":1,"96":1,"97":1},"b":{"1":[2,1],"2":[1,1],"3":[131,1],"4":[131,1],"5":[131,1],"6":[58,1],"7":[57,1],"8":[56,1],"9":[54,2],"10":[5,1],"11":[4,1],"12":[1,1],"13":[1,1],"14":[3,1],"15":[2,1],"16":[1,1],"17":[1,1],"18":[1,0],"19":[4,1],"20":[1,1],"21":[1,1],"22":[76,19],"23":[5,18],"24":[25,9],"25":[8,1],"26":[19,20],"27":[18,1],"28":[84,1],"29":[83,1],"30":[81,2],"31":[1,1]},"f":{"1":138,"2":134,"3":3,"4":132,"5":132,"6":132,"7":59,"8":6,"9":4,"10":5,"11":95,"12":19,"13":19,"14":46,"15":85,"16":6,"17":1},"fnMap":{"1":{"name":"AssetsRequirements","line":59,"loc":{"start":{"line":59,"column":2},"end":{"line":59,"column":38}}},"2":{"name":"isAssetsRequirements","line":66,"loc":{"start":{"line":66,"column":2},"end":{"line":66,"column":62}}},"3":{"name":"setAssetsRequirementsVersion","line":76,"loc":{"start":{"line":76,"column":2},"end":{"line":76,"column":121}}},"4":{"name":"setBuildingsData","line":88,"loc":{"start":{"line":88,"column":2},"end":{"line":88,"column":76}}},"5":{"name":"setBuildingsQueue","line":98,"loc":{"start":{"line":98,"column":2},"end":{"line":98,"column":79}}},"6":{"name":"setUserBuildings","line":108,"loc":{"start":{"line":108,"column":2},"end":{"line":108,"column":76}}},"7":{"name":"setAssetRequirements","line":122,"loc":{"start":{"line":122,"column":2},"end":{"line":123,"column":74}}},"8":{"name":"addAssetRequirement","line":145,"loc":{"start":{"line":145,"column":2},"end":{"line":146,"column":70}}},"9":{"name":"removeAssetRequirement","line":171,"loc":{"start":{"line":171,"column":2},"end":{"line":172,"column":73}}},"10":{"name":"updateAssetRequirement","line":199,"loc":{"start":{"line":199,"column":2},"end":{"line":201,"column":76}}},"11":{"name":"validateUserAssetRequirements","line":226,"loc":{"start":{"line":226,"column":2},"end":{"line":226,"column":100}}},"12":{"name":"getUserBuildingsIds","line":252,"loc":{"start":{"line":252,"column":2},"end":{"line":252,"column":119}}},"13":{"name":"getBuildingsQueueIds","line":269,"loc":{"start":{"line":269,"column":2},"end":{"line":269,"column":122}}},"14":{"name":"checkRequirement","line":294,"loc":{"start":{"line":294,"column":2},"end":{"line":294,"column":108}}},"15":{"name":"validateRequirement","line":321,"loc":{"start":{"line":321,"column":2},"end":{"line":321,"column":95}}},"16":{"name":"getRequirements","line":335,"loc":{"start":{"line":335,"column":2},"end":{"line":335,"column":67}}},"17":{"name":"shiftRequirement","line":346,"loc":{"start":{"line":346,"column":2},"end":{"line":346,"column":74}}}},"statementMap":{"1":{"start":{"line":67,"column":4},"end":{"line":67,"column":15}},"2":{"start":{"line":77,"column":4},"end":{"line":77,"column":62}},"3":{"start":{"line":78,"column":4},"end":{"line":78,"column":60}},"4":{"start":{"line":79,"column":4},"end":{"line":79,"column":59}},"5":{"start":{"line":80,"column":4},"end":{"line":80,"column":23}},"6":{"start":{"line":89,"column":4},"end":{"line":89,"column":44}},"7":{"start":{"line":90,"column":4},"end":{"line":90,"column":33}},"8":{"start":{"line":99,"column":4},"end":{"line":99,"column":46}},"9":{"start":{"line":100,"column":4},"end":{"line":100,"column":35}},"10":{"start":{"line":109,"column":4},"end":{"line":109,"column":44}},"11":{"start":{"line":110,"column":4},"end":{"line":110,"column":33}},"12":{"start":{"line":125,"column":4},"end":{"line":125,"column":19}},"13":{"start":{"line":126,"column":4},"end":{"line":126,"column":49}},"14":{"start":{"line":127,"column":4},"end":{"line":127,"column":36}},"15":{"start":{"line":128,"column":4},"end":{"line":128,"column":41}},"16":{"start":{"line":130,"column":4},"end":{"line":130,"column":4530}},"17":{"start":{"line":131,"column":6},"end":{"line":131,"column":47}},"18":{"start":{"line":134,"column":4},"end":{"line":134,"column":36}},"19":{"start":{"line":136,"column":4},"end":{"line":136,"column":43}},"20":{"start":{"line":148,"column":4},"end":{"line":148,"column":28}},"21":{"start":{"line":149,"column":4},"end":{"line":149,"column":31}},"22":{"start":{"line":150,"column":4},"end":{"line":150,"column":41}},"23":{"start":{"line":152,"column":4},"end":{"line":152,"column":21}},"24":{"start":{"line":153,"column":4},"end":{"line":153,"column":5153}},"25":{"start":{"line":154,"column":6},"end":{"line":154,"column":5215}},"26":{"start":{"line":155,"column":8},"end":{"line":155,"column":19}},"27":{"start":{"line":158,"column":4},"end":{"line":158,"column":18}},"28":{"start":{"line":162,"column":4},"end":{"line":162,"column":43}},"29":{"start":{"line":173,"column":4},"end":{"line":173,"column":28}},"30":{"start":{"line":174,"column":4},"end":{"line":174,"column":31}},"31":{"start":{"line":176,"column":4},"end":{"line":176,"column":21}},"32":{"start":{"line":177,"column":4},"end":{"line":177,"column":13}},"33":{"start":{"line":178,"column":4},"end":{"line":178,"column":5819}},"34":{"start":{"line":179,"column":6},"end":{"line":179,"column":5876}},"35":{"start":{"line":180,"column":8},"end":{"line":180,"column":19}},"36":{"start":{"line":185,"column":4},"end":{"line":185,"column":17}},"37":{"start":{"line":187,"column":4},"end":{"line":187,"column":36}},"38":{"start":{"line":189,"column":4},"end":{"line":189,"column":45}},"39":{"start":{"line":202,"column":4},"end":{"line":202,"column":40}},"40":{"start":{"line":203,"column":4},"end":{"line":203,"column":44}},"41":{"start":{"line":205,"column":4},"end":{"line":205,"column":13}},"42":{"start":{"line":206,"column":4},"end":{"line":206,"column":23}},"43":{"start":{"line":207,"column":4},"end":{"line":207,"column":6625}},"44":{"start":{"line":208,"column":6},"end":{"line":208,"column":6684}},"45":{"start":{"line":209,"column":8},"end":{"line":209,"column":45}},"46":{"start":{"line":210,"column":8},"end":{"line":210,"column":21}},"47":{"start":{"line":215,"column":4},"end":{"line":215,"column":19}},"48":{"start":{"line":217,"column":4},"end":{"line":217,"column":65}},"49":{"start":{"line":227,"column":4},"end":{"line":227,"column":50}},"50":{"start":{"line":227,"column":39},"end":{"line":227,"column":50}},"51":{"start":{"line":231,"column":4},"end":{"line":231,"column":71}},"52":{"start":{"line":235,"column":4},"end":{"line":235,"column":74}},"53":{"start":{"line":237,"column":4},"end":{"line":237,"column":15}},"54":{"start":{"line":238,"column":4},"end":{"line":238,"column":39}},"55":{"start":{"line":239,"column":4},"end":{"line":239,"column":41}},"56":{"start":{"line":240,"column":4},"end":{"line":240,"column":13}},"57":{"start":{"line":241,"column":4},"end":{"line":241,"column":7674}},"58":{"start":{"line":242,"column":6},"end":{"line":242,"column":108}},"59":{"start":{"line":243,"column":6},"end":{"line":243,"column":112}},"60":{"start":{"line":244,"column":6},"end":{"line":244,"column":7956}},"61":{"start":{"line":245,"column":8},"end":{"line":245,"column":20}},"62":{"start":{"line":249,"column":4},"end":{"line":249,"column":16}},"63":{"start":{"line":253,"column":4},"end":{"line":253,"column":68}},"64":{"start":{"line":254,"column":4},"end":{"line":254,"column":53}},"65":{"start":{"line":256,"column":4},"end":{"line":256,"column":16}},"66":{"start":{"line":258,"column":4},"end":{"line":258,"column":8389}},"67":{"start":{"line":259,"column":6},"end":{"line":259,"column":74}},"68":{"start":{"line":260,"column":6},"end":{"line":260,"column":8535}},"69":{"start":{"line":261,"column":8},"end":{"line":261,"column":42}},"70":{"start":{"line":266,"column":4},"end":{"line":266,"column":57}},"71":{"start":{"line":270,"column":4},"end":{"line":270,"column":71}},"72":{"start":{"line":271,"column":4},"end":{"line":271,"column":55}},"73":{"start":{"line":273,"column":4},"end":{"line":273,"column":17}},"74":{"start":{"line":275,"column":4},"end":{"line":275,"column":9014}},"75":{"start":{"line":276,"column":6},"end":{"line":276,"column":75}},"76":{"start":{"line":277,"column":6},"end":{"line":277,"column":9139}},"77":{"start":{"line":278,"column":8},"end":{"line":278,"column":36}},"78":{"start":{"line":280,"column":8},"end":{"line":280,"column":35}},"79":{"start":{"line":284,"column":4},"end":{"line":284,"column":52}},"80":{"start":{"line":295,"column":4},"end":{"line":295,"column":13}},"81":{"start":{"line":296,"column":4},"end":{"line":296,"column":21}},"82":{"start":{"line":300,"column":4},"end":{"line":300,"column":9992}},"83":{"start":{"line":302,"column":6},"end":{"line":302,"column":10094}},"84":{"start":{"line":303,"column":8},"end":{"line":303,"column":19}},"85":{"start":{"line":305,"column":8},"end":{"line":305,"column":10238}},"86":{"start":{"line":307,"column":10},"end":{"line":307,"column":21}},"87":{"start":{"line":312,"column":4},"end":{"line":312,"column":16}},"88":{"start":{"line":322,"column":4},"end":{"line":322,"column":28}},"89":{"start":{"line":324,"column":4},"end":{"line":324,"column":47}},"90":{"start":{"line":325,"column":4},"end":{"line":325,"column":58}},"91":{"start":{"line":326,"column":4},"end":{"line":326,"column":15}},"92":{"start":{"line":336,"column":4},"end":{"line":336,"column":28}},"93":{"start":{"line":347,"column":4},"end":{"line":347,"column":11623}},"94":{"start":{"line":348,"column":6},"end":{"line":348,"column":11690}},"95":{"start":{"line":351,"column":8},"end":{"line":351,"column":54}},"96":{"start":{"line":354,"column":4},"end":{"line":354,"column":32}},"97":{"start":{"line":355,"column":4},"end":{"line":355,"column":15}}},"branchMap":{"1":{"line":77,"type":"if","locations":[{"start":{"line":77,"column":4},"end":{"line":77,"column":4}},{"start":{"line":77,"column":4},"end":{"line":77,"column":4}}]},"2":{"line":78,"type":"if","locations":[{"start":{"line":78,"column":4},"end":{"line":78,"column":4}},{"start":{"line":78,"column":4},"end":{"line":78,"column":4}}]},"3":{"line":89,"type":"if","locations":[{"start":{"line":89,"column":4},"end":{"line":89,"column":4}},{"start":{"line":89,"column":4},"end":{"line":89,"column":4}}]},"4":{"line":99,"type":"if","locations":[{"start":{"line":99,"column":4},"end":{"line":99,"column":4}},{"start":{"line":99,"column":4},"end":{"line":99,"column":4}}]},"5":{"line":109,"type":"if","locations":[{"start":{"line":109,"column":4},"end":{"line":109,"column":4}},{"start":{"line":109,"column":4},"end":{"line":109,"column":4}}]},"6":{"line":125,"type":"if","locations":[{"start":{"line":125,"column":4},"end":{"line":125,"column":4}},{"start":{"line":125,"column":4},"end":{"line":125,"column":4}}]},"7":{"line":126,"type":"if","locations":[{"start":{"line":126,"column":4},"end":{"line":126,"column":4}},{"start":{"line":126,"column":4},"end":{"line":126,"column":4}}]},"8":{"line":127,"type":"if","locations":[{"start":{"line":127,"column":4},"end":{"line":127,"column":4}},{"start":{"line":127,"column":4},"end":{"line":127,"column":4}}]},"9":{"line":128,"type":"if","locations":[{"start":{"line":128,"column":4},"end":{"line":128,"column":4}},{"start":{"line":128,"column":4},"end":{"line":128,"column":4}}]},"10":{"line":148,"type":"if","locations":[{"start":{"line":148,"column":4},"end":{"line":148,"column":4}},{"start":{"line":148,"column":4},"end":{"line":148,"column":4}}]},"11":{"line":149,"type":"if","locations":[{"start":{"line":149,"column":4},"end":{"line":149,"column":4}},{"start":{"line":149,"column":4},"end":{"line":149,"column":4}}]},"12":{"line":154,"type":"if","locations":[{"start":{"line":154,"column":6},"end":{"line":154,"column":6}},{"start":{"line":154,"column":6},"end":{"line":154,"column":6}}]},"13":{"line":158,"type":"if","locations":[{"start":{"line":158,"column":4},"end":{"line":158,"column":4}},{"start":{"line":158,"column":4},"end":{"line":158,"column":4}}]},"14":{"line":173,"type":"if","locations":[{"start":{"line":173,"column":4},"end":{"line":173,"column":4}},{"start":{"line":173,"column":4},"end":{"line":173,"column":4}}]},"15":{"line":174,"type":"if","locations":[{"start":{"line":174,"column":4},"end":{"line":174,"column":4}},{"start":{"line":174,"column":4},"end":{"line":174,"column":4}}]},"16":{"line":179,"type":"if","locations":[{"start":{"line":179,"column":6},"end":{"line":179,"column":6}},{"start":{"line":179,"column":6},"end":{"line":179,"column":6}}]},"17":{"line":185,"type":"if","locations":[{"start":{"line":185,"column":4},"end":{"line":185,"column":4}},{"start":{"line":185,"column":4},"end":{"line":185,"column":4}}]},"18":{"line":187,"type":"if","locations":[{"start":{"line":187,"column":4},"end":{"line":187,"column":4}},{"start":{"line":187,"column":4},"end":{"line":187,"column":4}}]},"19":{"line":202,"type":"if","locations":[{"start":{"line":202,"column":4},"end":{"line":202,"column":4}},{"start":{"line":202,"column":4},"end":{"line":202,"column":4}}]},"20":{"line":208,"type":"if","locations":[{"start":{"line":208,"column":6},"end":{"line":208,"column":6}},{"start":{"line":208,"column":6},"end":{"line":208,"column":6}}]},"21":{"line":215,"type":"if","locations":[{"start":{"line":215,"column":4},"end":{"line":215,"column":4}},{"start":{"line":215,"column":4},"end":{"line":215,"column":4}}]},"22":{"line":227,"type":"if","locations":[{"start":{"line":227,"column":4},"end":{"line":227,"column":4}},{"start":{"line":227,"column":4},"end":{"line":227,"column":4}}]},"23":{"line":244,"type":"if","locations":[{"start":{"line":244,"column":6},"end":{"line":244,"column":6}},{"start":{"line":244,"column":6},"end":{"line":244,"column":6}}]},"24":{"line":260,"type":"if","locations":[{"start":{"line":260,"column":6},"end":{"line":260,"column":6}},{"start":{"line":260,"column":6},"end":{"line":260,"column":6}}]},"25":{"line":277,"type":"if","locations":[{"start":{"line":277,"column":6},"end":{"line":277,"column":6}},{"start":{"line":277,"column":6},"end":{"line":277,"column":6}}]},"26":{"line":302,"type":"if","locations":[{"start":{"line":302,"column":6},"end":{"line":302,"column":6}},{"start":{"line":302,"column":6},"end":{"line":302,"column":6}}]},"27":{"line":305,"type":"if","locations":[{"start":{"line":305,"column":8},"end":{"line":305,"column":8}},{"start":{"line":305,"column":8},"end":{"line":305,"column":8}}]},"28":{"line":322,"type":"if","locations":[{"start":{"line":322,"column":4},"end":{"line":322,"column":4}},{"start":{"line":322,"column":4},"end":{"line":322,"column":4}}]},"29":{"line":324,"type":"if","locations":[{"start":{"line":324,"column":4},"end":{"line":324,"column":4}},{"start":{"line":324,"column":4},"end":{"line":324,"column":4}}]},"30":{"line":325,"type":"if","locations":[{"start":{"line":325,"column":4},"end":{"line":325,"column":4}},{"start":{"line":325,"column":4},"end":{"line":325,"column":4}}]},"31":{"line":348,"type":"if","locations":[{"start":{"line":348,"column":6},"end":{"line":348,"column":6}},{"start":{"line":348,"column":6},"end":{"line":348,"column":6}}]}}},"contracts/BuildingsData.sol":{"l":{"63":527,"73":3,"74":2,"75":1,"76":1,"83":1,"107":1345,"108":1344,"122":1330,"135":1330,"136":1330,"158":14,"160":13,"161":13,"163":13,"185":13,"186":1,"188":13,"189":1,"191":13,"192":1,"194":13,"195":1,"197":13,"198":1,"221":13,"222":1,"224":13,"225":1,"227":13,"228":1,"230":13,"231":1,"233":13,"234":1,"236":13,"237":1,"239":13,"240":1,"242":13,"243":1,"254":926,"255":915,"266":14,"268":13,"280":90,"281":89,"296":269,"297":268,"305":292,"314":297,"315":297},"path":"/home/lucho/Experimental/crypto-wars-solidity-fetcher/contracts/BuildingsData.sol","s":{"1":527,"2":3,"3":2,"4":1,"5":1,"6":1,"7":1345,"8":1344,"9":1342,"10":1341,"11":1340,"12":1339,"13":1338,"14":1337,"15":1336,"16":1335,"17":1334,"18":1333,"19":1332,"20":1331,"21":1330,"22":1330,"23":14,"24":13,"25":13,"26":13,"27":13,"28":1,"29":13,"30":1,"31":13,"32":1,"33":13,"34":1,"35":13,"36":1,"37":13,"38":1,"39":13,"40":1,"41":13,"42":1,"43":13,"44":1,"45":13,"46":1,"47":13,"48":1,"49":13,"50":1,"51":13,"52":1,"53":926,"54":915,"55":14,"56":13,"57":90,"58":89,"59":269,"60":268,"61":292,"62":297,"63":297},"b":{"1":[2,1],"2":[1,1],"3":[1344,1],"4":[1342,2],"5":[1341,1],"6":[1340,1],"7":[1339,1],"8":[1338,1],"9":[1337,1],"10":[1336,1],"11":[1335,1],"12":[1334,1],"13":[1333,1],"14":[1332,1],"15":[1331,1],"16":[1330,1],"17":[13,1],"18":[1,12],"19":[1,12],"20":[1,12],"21":[1,12],"22":[1,12],"23":[1,12],"24":[1,12],"25":[1,12],"26":[1,12],"27":[1,12],"28":[1,12],"29":[1,12],"30":[1,12],"31":[915,11],"32":[13,1],"33":[89,1],"34":[268,1],"35":[297,0]},"f":{"1":174,"2":527,"3":3,"4":1,"5":1345,"6":14,"7":13,"8":13,"9":926,"10":14,"11":90,"12":269,"13":292,"14":297},"fnMap":{"1":{"name":"BuildingsData","line":55,"loc":{"start":{"line":55,"column":2},"end":{"line":55,"column":33}}},"2":{"name":"isBuildingsData","line":62,"loc":{"start":{"line":62,"column":2},"end":{"line":62,"column":57}}},"3":{"name":"setBuildingsDataVersion","line":72,"loc":{"start":{"line":72,"column":2},"end":{"line":72,"column":106}}},"4":{"name":"getBuildingIdsLength","line":82,"loc":{"start":{"line":82,"column":2},"end":{"line":82,"column":61}}},"5":{"name":"addBuilding","line":103,"loc":{"start":{"line":103,"column":2},"end":{"line":105,"column":58}}},"6":{"name":"updateBuilding","line":155,"loc":{"start":{"line":155,"column":2},"end":{"line":157,"column":61}}},"7":{"name":"updateBuildingBasicsA","line":184,"loc":{"start":{"line":184,"column":2},"end":{"line":184,"column":78}}},"8":{"name":"updateBuildingBasicsB","line":220,"loc":{"start":{"line":220,"column":2},"end":{"line":220,"column":65}}},"9":{"name":"checkBuildingExist","line":253,"loc":{"start":{"line":253,"column":2},"end":{"line":253,"column":68}}},"10":{"name":"checkUpgrade","line":265,"loc":{"start":{"line":265,"column":2},"end":{"line":265,"column":81}}},"11":{"name":"getBuildingData","line":277,"loc":{"start":{"line":277,"column":2},"end":{"line":279,"column":74}}},"12":{"name":"getGoldAndCrystalRates","line":294,"loc":{"start":{"line":294,"column":2},"end":{"line":295,"column":86}}},"13":{"name":"getBuildingTypeId","line":304,"loc":{"start":{"line":304,"column":2},"end":{"line":304,"column":67}}},"14":{"name":"getGoldAndCrystalCapacity","line":312,"loc":{"start":{"line":312,"column":2},"end":{"line":313,"column":93}}}},"statementMap":{"1":{"start":{"line":63,"column":4},"end":{"line":63,"column":15}},"2":{"start":{"line":73,"column":4},"end":{"line":73,"column":52}},"3":{"start":{"line":74,"column":4},"end":{"line":74,"column":55}},"4":{"start":{"line":75,"column":4},"end":{"line":75,"column":49}},"5":{"start":{"line":76,"column":4},"end":{"line":76,"column":23}},"6":{"start":{"line":83,"column":4},"end":{"line":83,"column":29}},"7":{"start":{"line":107,"column":4},"end":{"line":107,"column":58}},"8":{"start":{"line":108,"column":4},"end":{"line":108,"column":44}},"9":{"start":{"line":109,"column":4},"end":{"line":109,"column":25}},"10":{"start":{"line":110,"column":4},"end":{"line":110,"column":25}},"11":{"start":{"line":111,"column":4},"end":{"line":111,"column":25}},"12":{"start":{"line":112,"column":4},"end":{"line":112,"column":25}},"13":{"start":{"line":113,"column":4},"end":{"line":113,"column":25}},"14":{"start":{"line":114,"column":4},"end":{"line":114,"column":25}},"15":{"start":{"line":115,"column":4},"end":{"line":115,"column":25}},"16":{"start":{"line":116,"column":4},"end":{"line":116,"column":25}},"17":{"start":{"line":117,"column":4},"end":{"line":117,"column":25}},"18":{"start":{"line":118,"column":4},"end":{"line":118,"column":25}},"19":{"start":{"line":119,"column":4},"end":{"line":119,"column":26}},"20":{"start":{"line":120,"column":4},"end":{"line":120,"column":26}},"21":{"start":{"line":122,"column":4},"end":{"line":122,"column":3657}},"22":{"start":{"line":136,"column":4},"end":{"line":136,"column":24}},"23":{"start":{"line":158,"column":4},"end":{"line":158,"column":58}},"24":{"start":{"line":160,"column":4},"end":{"line":160,"column":41}},"25":{"start":{"line":161,"column":4},"end":{"line":161,"column":35}},"26":{"start":{"line":163,"column":4},"end":{"line":163,"column":27}},"27":{"start":{"line":185,"column":6},"end":{"line":185,"column":5612}},"28":{"start":{"line":186,"column":8},"end":{"line":186,"column":32}},"29":{"start":{"line":188,"column":6},"end":{"line":188,"column":5701}},"30":{"start":{"line":189,"column":8},"end":{"line":189,"column":38}},"31":{"start":{"line":191,"column":6},"end":{"line":191,"column":5813}},"32":{"start":{"line":192,"column":8},"end":{"line":192,"column":39}},"33":{"start":{"line":194,"column":6},"end":{"line":194,"column":5927}},"34":{"start":{"line":195,"column":8},"end":{"line":195,"column":38}},"35":{"start":{"line":197,"column":6},"end":{"line":197,"column":6039}},"36":{"start":{"line":198,"column":8},"end":{"line":198,"column":44}},"37":{"start":{"line":221,"column":6},"end":{"line":221,"column":6819}},"38":{"start":{"line":222,"column":8},"end":{"line":222,"column":47}},"39":{"start":{"line":224,"column":6},"end":{"line":224,"column":6949}},"40":{"start":{"line":225,"column":8},"end":{"line":225,"column":40}},"41":{"start":{"line":227,"column":6},"end":{"line":227,"column":7065}},"42":{"start":{"line":228,"column":8},"end":{"line":228,"column":43}},"43":{"start":{"line":230,"column":6},"end":{"line":230,"column":7187}},"44":{"start":{"line":231,"column":8},"end":{"line":231,"column":37}},"45":{"start":{"line":233,"column":6},"end":{"line":233,"column":7297}},"46":{"start":{"line":234,"column":8},"end":{"line":234,"column":40}},"47":{"start":{"line":236,"column":6},"end":{"line":236,"column":7413}},"48":{"start":{"line":237,"column":8},"end":{"line":237,"column":38}},"49":{"start":{"line":239,"column":6},"end":{"line":239,"column":7525}},"50":{"start":{"line":240,"column":8},"end":{"line":240,"column":48}},"51":{"start":{"line":242,"column":6},"end":{"line":242,"column":7658}},"52":{"start":{"line":243,"column":8},"end":{"line":243,"column":39}},"53":{"start":{"line":254,"column":4},"end":{"line":254,"column":59}},"54":{"start":{"line":255,"column":4},"end":{"line":255,"column":15}},"55":{"start":{"line":266,"column":4},"end":{"line":266,"column":65}},"56":{"start":{"line":268,"column":4},"end":{"line":268,"column":15}},"57":{"start":{"line":280,"column":4},"end":{"line":280,"column":59}},"58":{"start":{"line":281,"column":4},"end":{"line":281,"column":9081}},"59":{"start":{"line":296,"column":4},"end":{"line":296,"column":59}},"60":{"start":{"line":297,"column":4},"end":{"line":297,"column":76}},"61":{"start":{"line":305,"column":4},"end":{"line":305,"column":38}},"62":{"start":{"line":314,"column":4},"end":{"line":314,"column":59}},"63":{"start":{"line":315,"column":4},"end":{"line":315,"column":84}}},"branchMap":{"1":{"line":73,"type":"if","locations":[{"start":{"line":73,"column":4},"end":{"line":73,"column":4}},{"start":{"line":73,"column":4},"end":{"line":73,"column":4}}]},"2":{"line":74,"type":"if","locations":[{"start":{"line":74,"column":4},"end":{"line":74,"column":4}},{"start":{"line":74,"column":4},"end":{"line":74,"column":4}}]},"3":{"line":107,"type":"if","locations":[{"start":{"line":107,"column":4},"end":{"line":107,"column":4}},{"start":{"line":107,"column":4},"end":{"line":107,"column":4}}]},"4":{"line":108,"type":"if","locations":[{"start":{"line":108,"column":4},"end":{"line":108,"column":4}},{"start":{"line":108,"column":4},"end":{"line":108,"column":4}}]},"5":{"line":109,"type":"if","locations":[{"start":{"line":109,"column":4},"end":{"line":109,"column":4}},{"start":{"line":109,"column":4},"end":{"line":109,"column":4}}]},"6":{"line":110,"type":"if","locations":[{"start":{"line":110,"column":4},"end":{"line":110,"column":4}},{"start":{"line":110,"column":4},"end":{"line":110,"column":4}}]},"7":{"line":111,"type":"if","locations":[{"start":{"line":111,"column":4},"end":{"line":111,"column":4}},{"start":{"line":111,"column":4},"end":{"line":111,"column":4}}]},"8":{"line":112,"type":"if","locations":[{"start":{"line":112,"column":4},"end":{"line":112,"column":4}},{"start":{"line":112,"column":4},"end":{"line":112,"column":4}}]},"9":{"line":113,"type":"if","locations":[{"start":{"line":113,"column":4},"end":{"line":113,"column":4}},{"start":{"line":113,"column":4},"end":{"line":113,"column":4}}]},"10":{"line":114,"type":"if","locations":[{"start":{"line":114,"column":4},"end":{"line":114,"column":4}},{"start":{"line":114,"column":4},"end":{"line":114,"column":4}}]},"11":{"line":115,"type":"if","locations":[{"start":{"line":115,"column":4},"end":{"line":115,"column":4}},{"start":{"line":115,"column":4},"end":{"line":115,"column":4}}]},"12":{"line":116,"type":"if","locations":[{"start":{"line":116,"column":4},"end":{"line":116,"column":4}},{"start":{"line":116,"column":4},"end":{"line":116,"column":4}}]},"13":{"line":117,"type":"if","locations":[{"start":{"line":117,"column":4},"end":{"line":117,"column":4}},{"start":{"line":117,"column":4},"end":{"line":117,"column":4}}]},"14":{"line":118,"type":"if","locations":[{"start":{"line":118,"column":4},"end":{"line":118,"column":4}},{"start":{"line":118,"column":4},"end":{"line":118,"column":4}}]},"15":{"line":119,"type":"if","locations":[{"start":{"line":119,"column":4},"end":{"line":119,"column":4}},{"start":{"line":119,"column":4},"end":{"line":119,"column":4}}]},"16":{"line":120,"type":"if","locations":[{"start":{"line":120,"column":4},"end":{"line":120,"column":4}},{"start":{"line":120,"column":4},"end":{"line":120,"column":4}}]},"17":{"line":158,"type":"if","locations":[{"start":{"line":158,"column":4},"end":{"line":158,"column":4}},{"start":{"line":158,"column":4},"end":{"line":158,"column":4}}]},"18":{"line":185,"type":"if","locations":[{"start":{"line":185,"column":6},"end":{"line":185,"column":6}},{"start":{"line":185,"column":6},"end":{"line":185,"column":6}}]},"19":{"line":188,"type":"if","locations":[{"start":{"line":188,"column":6},"end":{"line":188,"column":6}},{"start":{"line":188,"column":6},"end":{"line":188,"column":6}}]},"20":{"line":191,"type":"if","locations":[{"start":{"line":191,"column":6},"end":{"line":191,"column":6}},{"start":{"line":191,"column":6},"end":{"line":191,"column":6}}]},"21":{"line":194,"type":"if","locations":[{"start":{"line":194,"column":6},"end":{"line":194,"column":6}},{"start":{"line":194,"column":6},"end":{"line":194,"column":6}}]},"22":{"line":197,"type":"if","locations":[{"start":{"line":197,"column":6},"end":{"line":197,"column":6}},{"start":{"line":197,"column":6},"end":{"line":197,"column":6}}]},"23":{"line":221,"type":"if","locations":[{"start":{"line":221,"column":6},"end":{"line":221,"column":6}},{"start":{"line":221,"column":6},"end":{"line":221,"column":6}}]},"24":{"line":224,"type":"if","locations":[{"start":{"line":224,"column":6},"end":{"line":224,"column":6}},{"start":{"line":224,"column":6},"end":{"line":224,"column":6}}]},"25":{"line":227,"type":"if","locations":[{"start":{"line":227,"column":6},"end":{"line":227,"column":6}},{"start":{"line":227,"column":6},"end":{"line":227,"column":6}}]},"26":{"line":230,"type":"if","locations":[{"start":{"line":230,"column":6},"end":{"line":230,"column":6}},{"start":{"line":230,"column":6},"end":{"line":230,"column":6}}]},"27":{"line":233,"type":"if","locations":[{"start":{"line":233,"column":6},"end":{"line":233,"column":6}},{"start":{"line":233,"column":6},"end":{"line":233,"column":6}}]},"28":{"line":236,"type":"if","locations":[{"start":{"line":236,"column":6},"end":{"line":236,"column":6}},{"start":{"line":236,"column":6},"end":{"line":236,"column":6}}]},"29":{"line":239,"type":"if","locations":[{"start":{"line":239,"column":6},"end":{"line":239,"column":6}},{"start":{"line":239,"column":6},"end":{"line":239,"column":6}}]},"30":{"line":242,"type":"if","locations":[{"start":{"line":242,"column":6},"end":{"line":242,"column":6}},{"start":{"line":242,"column":6},"end":{"line":242,"column":6}}]},"31":{"line":254,"type":"if","locations":[{"start":{"line":254,"column":4},"end":{"line":254,"column":4}},{"start":{"line":254,"column":4},"end":{"line":254,"column":4}}]},"32":{"line":266,"type":"if","locations":[{"start":{"line":266,"column":4},"end":{"line":266,"column":4}},{"start":{"line":266,"column":4},"end":{"line":266,"column":4}}]},"33":{"line":280,"type":"if","locations":[{"start":{"line":280,"column":4},"end":{"line":280,"column":4}},{"start":{"line":280,"column":4},"end":{"line":280,"column":4}}]},"34":{"line":296,"type":"if","locations":[{"start":{"line":296,"column":4},"end":{"line":296,"column":4}},{"start":{"line":296,"column":4},"end":{"line":296,"column":4}}]},"35":{"line":314,"type":"if","locations":[{"start":{"line":314,"column":4},"end":{"line":314,"column":4}},{"start":{"line":314,"column":4},"end":{"line":314,"column":4}}]}}},"contracts/BuildingsQueue.sol":{"l":{"86":396,"96":3,"97":2,"98":1,"99":1,"108":132,"109":131,"118":132,"119":131,"128":132,"129":131,"138":132,"139":131,"151":73,"152":71,"154":70,"155":70,"157":70,"159":68,"160":68,"161":68,"162":68,"164":68,"166":67,"167":66,"170":67,"171":67,"173":67,"180":67,"196":7,"197":6,"199":5,"200":5,"202":5,"203":4,"206":5,"207":5,"209":5,"210":1,"211":1,"214":4,"215":4,"216":4,"217":4,"220":4,"222":4,"224":4,"236":16,"237":15,"238":14,"239":13,"242":12,"243":12,"244":12,"246":12,"247":12,"248":12,"249":12,"251":12,"253":12,"254":3,"255":2,"258":11,"260":11,"261":11,"263":11,"267":11,"280":28,"281":25,"282":18,"285":10,"296":10,"297":10,"299":6,"300":6,"301":3,"302":1,"304":3,"305":2,"307":3,"309":3,"310":3,"325":4,"327":4,"328":1,"330":4,"331":4,"333":4,"334":4,"345":10,"346":16,"347":10,"349":6,"352":10,"353":10,"363":6,"364":5,"366":4,"367":4,"381":80,"382":79,"383":77,"384":50,"386":77,"387":26,"389":77,"390":1,"402":78,"403":78,"404":78,"405":26,"406":26,"407":23,"410":78,"419":18,"421":17,"422":17,"423":17,"424":15,"426":17,"437":5,"439":4,"440":4,"441":4,"442":4,"443":4,"444":4,"445":14,"446":14,"447":14,"448":14,"450":4,"460":11,"461":10,"473":5,"474":4,"476":3,"488":99,"489":99,"490":99,"491":99,"494":99,"495":65,"496":12,"498":12,"499":11,"501":1,"505":12,"506":12,"507":7,"510":12,"511":5,"517":99,"526":20,"537":12,"539":12,"540":12,"542":12,"544":12,"545":12,"547":10,"548":10,"549":10,"551":10,"553":10,"564":109,"565":109,"567":109,"568":66,"569":66,"570":15,"572":66,"574":4,"577":66,"578":19,"580":19,"581":10,"584":19,"585":3,"590":109},"path":"/home/lucho/Experimental/crypto-wars-solidity-fetcher/contracts/BuildingsQueue.sol","s":{"1":396,"2":3,"3":2,"4":1,"5":1,"6":132,"7":131,"8":132,"9":131,"10":132,"11":131,"12":132,"13":131,"14":73,"15":71,"16":70,"17":70,"18":70,"19":68,"20":68,"21":67,"22":66,"23":67,"24":67,"25":67,"26":7,"27":6,"28":5,"29":5,"30":5,"31":5,"32":5,"33":5,"34":1,"35":1,"36":4,"37":4,"38":4,"39":4,"40":4,"41":4,"42":4,"43":16,"44":15,"45":14,"46":13,"47":12,"48":12,"49":12,"50":12,"51":3,"52":2,"53":11,"54":11,"55":11,"56":11,"57":28,"58":25,"59":18,"60":10,"61":10,"62":6,"63":6,"64":3,"65":1,"66":3,"67":2,"68":3,"69":3,"70":3,"71":4,"72":4,"73":1,"74":4,"75":4,"76":4,"77":10,"78":16,"79":6,"80":10,"81":10,"82":6,"83":5,"84":4,"85":4,"86":80,"87":79,"88":77,"89":50,"90":77,"91":26,"92":77,"93":1,"94":78,"95":78,"96":78,"97":26,"98":26,"99":23,"100":78,"101":18,"102":17,"103":17,"104":17,"105":15,"106":17,"107":5,"108":4,"109":4,"110":4,"111":4,"112":4,"113":4,"114":14,"115":14,"116":14,"117":14,"118":4,"119":11,"120":10,"121":5,"122":4,"123":3,"124":99,"125":99,"126":65,"127":12,"128":12,"129":11,"130":1,"131":12,"132":12,"133":7,"134":12,"135":5,"136":99,"137":20,"138":12,"139":12,"140":12,"141":12,"142":10,"143":10,"144":10,"145":10,"146":109,"147":66,"148":66,"149":15,"150":66,"151":4,"152":66,"153":19,"154":19,"155":10,"156":19,"157":3,"158":109},"b":{"1":[2,1],"2":[1,1],"3":[131,1],"4":[131,1],"5":[131,1],"6":[131,1],"7":[71,2],"8":[70,1],"9":[68,2],"10":[66,1],"11":[6,1],"12":[5,1],"13":[1,4],"14":[4,0],"15":[4,0],"16":[15,1],"17":[14,1],"18":[13,1],"19":[12,1],"20":[3,9],"21":[2,1],"22":[11,0],"23":[18,7],"24":[3,3],"25":[1,2],"26":[2,1],"27":[4,0],"28":[10,6],"29":[5,1],"30":[4,1],"31":[79,1],"32":[77,2],"33":[50,27],"34":[50,0],"35":[26,51],"36":[26,0],"37":[1,76],"38":[1,0],"39":[26,52],"40":[23,3],"41":[17,1],"42":[4,1],"43":[10,1],"44":[4,1],"45":[3,1],"46":[12,53],"47":[11,1],"48":[12,0],"49":[7,5],"50":[5,7],"51":[12,0],"52":[12,0],"53":[10,2],"54":[10,0],"55":[10,0],"56":[15,51],"57":[4,62],"58":[19,47],"59":[10,9],"60":[3,16]},"f":{"1":138,"2":396,"3":3,"4":132,"5":132,"6":132,"7":132,"8":73,"9":7,"10":16,"11":28,"12":10,"13":4,"14":10,"15":6,"16":80,"17":78,"18":18,"19":5,"20":11,"21":5,"22":99,"23":20,"24":12,"25":109},"fnMap":{"1":{"name":"BuildingsQueue","line":78,"loc":{"start":{"line":78,"column":2},"end":{"line":78,"column":34}}},"2":{"name":"isBuildingsQueue","line":85,"loc":{"start":{"line":85,"column":2},"end":{"line":85,"column":58}}},"3":{"name":"setBuildingsQueueVersion","line":95,"loc":{"start":{"line":95,"column":2},"end":{"line":95,"column":109}}},"4":{"name":"setUserBuildings","line":107,"loc":{"start":{"line":107,"column":2},"end":{"line":107,"column":76}}},"5":{"name":"setBuildingsData","line":117,"loc":{"start":{"line":117,"column":2},"end":{"line":117,"column":76}}},"6":{"name":"setUserResources","line":127,"loc":{"start":{"line":127,"column":2},"end":{"line":127,"column":76}}},"7":{"name":"setAssetsRequirements","line":137,"loc":{"start":{"line":137,"column":2},"end":{"line":137,"column":91}}},"8":{"name":"addNewBuildingToQueue","line":150,"loc":{"start":{"line":150,"column":2},"end":{"line":150,"column":51}}},"9":{"name":"updateQueue","line":195,"loc":{"start":{"line":195,"column":2},"end":{"line":195,"column":44}}},"10":{"name":"upgradeBuilding","line":235,"loc":{"start":{"line":235,"column":2},"end":{"line":235,"column":77}}},"11":{"name":"findBuildingInQueue","line":279,"loc":{"start":{"line":279,"column":2},"end":{"line":279,"column":121}}},"12":{"name":"updateQueueBlocks","line":295,"loc":{"start":{"line":295,"column":2},"end":{"line":295,"column":70}}},"13":{"name":"shiftUserBuildings","line":324,"loc":{"start":{"line":324,"column":2},"end":{"line":324,"column":82}}},"14":{"name":"shiftOneUserBuilding","line":344,"loc":{"start":{"line":344,"column":2},"end":{"line":344,"column":83}}},"15":{"name":"getLastUserBuilding","line":360,"loc":{"start":{"line":360,"column":2},"end":{"line":362,"column":80}}},"16":{"name":"consumeResources","line":380,"loc":{"start":{"line":380,"column":2},"end":{"line":380,"column":84}}},"17":{"name":"getStartBlock","line":401,"loc":{"start":{"line":401,"column":2},"end":{"line":401,"column":68}}},"18":{"name":"getBuildingsInQueue","line":418,"loc":{"start":{"line":418,"column":2},"end":{"line":418,"column":76}}},"19":{"name":"getBuildings","line":436,"loc":{"start":{"line":436,"column":2},"end":{"line":436,"column":93}}},"20":{"name":"getBuildingIdAndEndBlock","line":459,"loc":{"start":{"line":459,"column":2},"end":{"line":459,"column":117}}},"21":{"name":"getBuildingIndex","line":472,"loc":{"start":{"line":472,"column":2},"end":{"line":472,"column":106}}},"22":{"name":"getUserQueueResources","line":487,"loc":{"start":{"line":487,"column":2},"end":{"line":487,"column":105}}},"23":{"name":"getBuildingsQueueLength","line":525,"loc":{"start":{"line":525,"column":2},"end":{"line":525,"column":85}}},"24":{"name":"cancelBuilding","line":536,"loc":{"start":{"line":536,"column":2},"end":{"line":536,"column":57}}},"25":{"name":"getUserResourcesCapacity","line":563,"loc":{"start":{"line":563,"column":2},"end":{"line":563,"column":124}}}},"statementMap":{"1":{"start":{"line":86,"column":4},"end":{"line":86,"column":15}},"2":{"start":{"line":96,"column":4},"end":{"line":96,"column":54}},"3":{"start":{"line":97,"column":4},"end":{"line":97,"column":56}},"4":{"start":{"line":98,"column":4},"end":{"line":98,"column":50}},"5":{"start":{"line":99,"column":4},"end":{"line":99,"column":23}},"6":{"start":{"line":108,"column":4},"end":{"line":108,"column":44}},"7":{"start":{"line":109,"column":4},"end":{"line":109,"column":33}},"8":{"start":{"line":118,"column":4},"end":{"line":118,"column":44}},"9":{"start":{"line":119,"column":4},"end":{"line":119,"column":33}},"10":{"start":{"line":128,"column":4},"end":{"line":128,"column":44}},"11":{"start":{"line":129,"column":4},"end":{"line":129,"column":33}},"12":{"start":{"line":138,"column":4},"end":{"line":138,"column":54}},"13":{"start":{"line":139,"column":4},"end":{"line":139,"column":43}},"14":{"start":{"line":151,"column":4},"end":{"line":151,"column":49}},"15":{"start":{"line":152,"column":4},"end":{"line":152,"column":77}},"16":{"start":{"line":154,"column":4},"end":{"line":154,"column":53}},"17":{"start":{"line":155,"column":4},"end":{"line":155,"column":74}},"18":{"start":{"line":157,"column":4},"end":{"line":157,"column":22}},"19":{"start":{"line":162,"column":4},"end":{"line":162,"column":69}},"20":{"start":{"line":164,"column":4},"end":{"line":164,"column":52}},"21":{"start":{"line":166,"column":4},"end":{"line":166,"column":6189}},"22":{"start":{"line":167,"column":6},"end":{"line":167,"column":64}},"23":{"start":{"line":170,"column":4},"end":{"line":170,"column":46}},"24":{"start":{"line":171,"column":4},"end":{"line":171,"column":41}},"25":{"start":{"line":180,"column":4},"end":{"line":180,"column":6562}},"26":{"start":{"line":196,"column":4},"end":{"line":196,"column":31}},"27":{"start":{"line":197,"column":4},"end":{"line":197,"column":48}},"28":{"start":{"line":199,"column":4},"end":{"line":199,"column":49}},"29":{"start":{"line":200,"column":4},"end":{"line":200,"column":13}},"30":{"start":{"line":202,"column":4},"end":{"line":202,"column":7337}},"31":{"start":{"line":206,"column":4},"end":{"line":206,"column":44}},"32":{"start":{"line":207,"column":4},"end":{"line":207,"column":48}},"33":{"start":{"line":209,"column":4},"end":{"line":209,"column":7536}},"34":{"start":{"line":210,"column":6},"end":{"line":210,"column":53}},"35":{"start":{"line":211,"column":6},"end":{"line":211,"column":12}},"36":{"start":{"line":214,"column":4},"end":{"line":214,"column":7631}},"37":{"start":{"line":215,"column":6},"end":{"line":215,"column":58}},"38":{"start":{"line":216,"column":6},"end":{"line":216,"column":33}},"39":{"start":{"line":217,"column":6},"end":{"line":217,"column":40}},"40":{"start":{"line":220,"column":4},"end":{"line":220,"column":79}},"41":{"start":{"line":222,"column":4},"end":{"line":222,"column":40}},"42":{"start":{"line":224,"column":4},"end":{"line":224,"column":51}},"43":{"start":{"line":236,"column":4},"end":{"line":236,"column":49}},"44":{"start":{"line":237,"column":4},"end":{"line":237,"column":58}},"45":{"start":{"line":238,"column":4},"end":{"line":238,"column":57}},"46":{"start":{"line":239,"column":4},"end":{"line":239,"column":86}},"47":{"start":{"line":244,"column":4},"end":{"line":244,"column":91}},"48":{"start":{"line":249,"column":4},"end":{"line":249,"column":78}},"49":{"start":{"line":251,"column":4},"end":{"line":251,"column":52}},"50":{"start":{"line":253,"column":4},"end":{"line":253,"column":9028}},"51":{"start":{"line":254,"column":6},"end":{"line":254,"column":91}},"52":{"start":{"line":255,"column":6},"end":{"line":255,"column":28}},"53":{"start":{"line":258,"column":4},"end":{"line":258,"column":66}},"54":{"start":{"line":260,"column":4},"end":{"line":260,"column":46}},"55":{"start":{"line":261,"column":4},"end":{"line":261,"column":41}},"56":{"start":{"line":267,"column":4},"end":{"line":267,"column":62}},"57":{"start":{"line":280,"column":4},"end":{"line":280,"column":10082}},"58":{"start":{"line":281,"column":6},"end":{"line":281,"column":10152}},"59":{"start":{"line":282,"column":8},"end":{"line":282,"column":24}},"60":{"start":{"line":285,"column":4},"end":{"line":285,"column":21}},"61":{"start":{"line":297,"column":4},"end":{"line":297,"column":10707}},"62":{"start":{"line":299,"column":6},"end":{"line":299,"column":93}},"63":{"start":{"line":300,"column":6},"end":{"line":300,"column":10944}},"64":{"start":{"line":301,"column":8},"end":{"line":301,"column":10982}},"65":{"start":{"line":302,"column":10},"end":{"line":302,"column":94}},"66":{"start":{"line":304,"column":8},"end":{"line":304,"column":11170}},"67":{"start":{"line":305,"column":10},"end":{"line":305,"column":71}},"68":{"start":{"line":307,"column":8},"end":{"line":307,"column":95}},"69":{"start":{"line":309,"column":8},"end":{"line":309,"column":90}},"70":{"start":{"line":310,"column":8},"end":{"line":310,"column":95}},"71":{"start":{"line":325,"column":4},"end":{"line":325,"column":55}},"72":{"start":{"line":327,"column":4},"end":{"line":327,"column":12246}},"73":{"start":{"line":328,"column":6},"end":{"line":328,"column":74}},"74":{"start":{"line":330,"column":4},"end":{"line":330,"column":12400}},"75":{"start":{"line":333,"column":4},"end":{"line":333,"column":46}},"76":{"start":{"line":334,"column":4},"end":{"line":334,"column":15}},"77":{"start":{"line":345,"column":4},"end":{"line":345,"column":13023}},"78":{"start":{"line":346,"column":6},"end":{"line":346,"column":13098}},"79":{"start":{"line":349,"column":8},"end":{"line":349,"column":70}},"80":{"start":{"line":352,"column":4},"end":{"line":352,"column":40}},"81":{"start":{"line":353,"column":4},"end":{"line":353,"column":15}},"82":{"start":{"line":363,"column":4},"end":{"line":363,"column":31}},"83":{"start":{"line":364,"column":4},"end":{"line":364,"column":48}},"84":{"start":{"line":366,"column":4},"end":{"line":366,"column":83}},"85":{"start":{"line":367,"column":4},"end":{"line":367,"column":43}},"86":{"start":{"line":381,"column":4},"end":{"line":381,"column":74}},"87":{"start":{"line":382,"column":4},"end":{"line":382,"column":14639}},"88":{"start":{"line":383,"column":6},"end":{"line":383,"column":14665}},"89":{"start":{"line":384,"column":8},"end":{"line":384,"column":56}},"90":{"start":{"line":386,"column":6},"end":{"line":386,"column":14764}},"91":{"start":{"line":387,"column":8},"end":{"line":387,"column":59}},"92":{"start":{"line":389,"column":6},"end":{"line":389,"column":14866}},"93":{"start":{"line":390,"column":8},"end":{"line":390,"column":63}},"94":{"start":{"line":402,"column":4},"end":{"line":402,"column":49}},"95":{"start":{"line":403,"column":4},"end":{"line":403,"column":33}},"96":{"start":{"line":404,"column":4},"end":{"line":404,"column":15332}},"97":{"start":{"line":405,"column":6},"end":{"line":405,"column":84}},"98":{"start":{"line":406,"column":6},"end":{"line":406,"column":15445}},"99":{"start":{"line":407,"column":8},"end":{"line":407,"column":41}},"100":{"start":{"line":410,"column":4},"end":{"line":410,"column":21}},"101":{"start":{"line":419,"column":4},"end":{"line":419,"column":31}},"102":{"start":{"line":421,"column":4},"end":{"line":421,"column":49}},"103":{"start":{"line":422,"column":4},"end":{"line":422,"column":47}},"104":{"start":{"line":423,"column":4},"end":{"line":423,"column":15989}},"105":{"start":{"line":424,"column":6},"end":{"line":424,"column":51}},"106":{"start":{"line":426,"column":4},"end":{"line":426,"column":20}},"107":{"start":{"line":437,"column":4},"end":{"line":437,"column":31}},"108":{"start":{"line":439,"column":4},"end":{"line":439,"column":49}},"109":{"start":{"line":440,"column":4},"end":{"line":440,"column":41}},"110":{"start":{"line":441,"column":4},"end":{"line":441,"column":49}},"111":{"start":{"line":442,"column":4},"end":{"line":442,"column":47}},"112":{"start":{"line":443,"column":4},"end":{"line":443,"column":45}},"113":{"start":{"line":444,"column":4},"end":{"line":444,"column":16807}},"114":{"start":{"line":445,"column":6},"end":{"line":445,"column":45}},"115":{"start":{"line":446,"column":6},"end":{"line":446,"column":61}},"116":{"start":{"line":447,"column":6},"end":{"line":447,"column":57}},"117":{"start":{"line":448,"column":6},"end":{"line":448,"column":52}},"118":{"start":{"line":450,"column":4},"end":{"line":450,"column":49}},"119":{"start":{"line":460,"column":4},"end":{"line":460,"column":60}},"120":{"start":{"line":461,"column":4},"end":{"line":461,"column":107}},"121":{"start":{"line":473,"column":4},"end":{"line":473,"column":31}},"122":{"start":{"line":474,"column":4},"end":{"line":474,"column":60}},"123":{"start":{"line":476,"column":4},"end":{"line":476,"column":104}},"124":{"start":{"line":491,"column":4},"end":{"line":491,"column":59}},"125":{"start":{"line":494,"column":2},"end":{"line":494,"column":18993}},"126":{"start":{"line":495,"column":6},"end":{"line":495,"column":19063}},"127":{"start":{"line":496,"column":8},"end":{"line":496,"column":102}},"128":{"start":{"line":498,"column":8},"end":{"line":498,"column":19239}},"129":{"start":{"line":499,"column":10},"end":{"line":499,"column":81}},"130":{"start":{"line":501,"column":10},"end":{"line":501,"column":55}},"131":{"start":{"line":505,"column":8},"end":{"line":505,"column":19477}},"132":{"start":{"line":506,"column":10},"end":{"line":506,"column":19505}},"133":{"start":{"line":507,"column":12},"end":{"line":507,"column":76}},"134":{"start":{"line":510,"column":10},"end":{"line":510,"column":19627}},"135":{"start":{"line":511,"column":12},"end":{"line":511,"column":85}},"136":{"start":{"line":517,"column":4},"end":{"line":517,"column":36}},"137":{"start":{"line":526,"column":4},"end":{"line":526,"column":43}},"138":{"start":{"line":537,"column":4},"end":{"line":537,"column":49}},"139":{"start":{"line":542,"column":4},"end":{"line":542,"column":91}},"140":{"start":{"line":544,"column":4},"end":{"line":544,"column":29}},"141":{"start":{"line":545,"column":4},"end":{"line":545,"column":88}},"142":{"start":{"line":548,"column":4},"end":{"line":548,"column":54}},"143":{"start":{"line":549,"column":4},"end":{"line":549,"column":66}},"144":{"start":{"line":551,"column":4},"end":{"line":551,"column":71}},"145":{"start":{"line":553,"column":4},"end":{"line":553,"column":42}},"146":{"start":{"line":567,"column":2},"end":{"line":567,"column":21531}},"147":{"start":{"line":568,"column":6},"end":{"line":568,"column":24}},"148":{"start":{"line":569,"column":6},"end":{"line":569,"column":21628}},"149":{"start":{"line":570,"column":8},"end":{"line":570,"column":51}},"150":{"start":{"line":572,"column":6},"end":{"line":572,"column":21756}},"151":{"start":{"line":574,"column":8},"end":{"line":574,"column":58}},"152":{"start":{"line":577,"column":6},"end":{"line":577,"column":21993}},"153":{"start":{"line":578,"column":8},"end":{"line":578,"column":92}},"154":{"start":{"line":580,"column":8},"end":{"line":580,"column":22121}},"155":{"start":{"line":581,"column":10},"end":{"line":581,"column":74}},"156":{"start":{"line":584,"column":8},"end":{"line":584,"column":22241}},"157":{"start":{"line":585,"column":10},"end":{"line":585,"column":83}},"158":{"start":{"line":590,"column":4},"end":{"line":590,"column":52}}},"branchMap":{"1":{"line":96,"type":"if","locations":[{"start":{"line":96,"column":4},"end":{"line":96,"column":4}},{"start":{"line":96,"column":4},"end":{"line":96,"column":4}}]},"2":{"line":97,"type":"if","locations":[{"start":{"line":97,"column":4},"end":{"line":97,"column":4}},{"start":{"line":97,"column":4},"end":{"line":97,"column":4}}]},"3":{"line":108,"type":"if","locations":[{"start":{"line":108,"column":4},"end":{"line":108,"column":4}},{"start":{"line":108,"column":4},"end":{"line":108,"column":4}}]},"4":{"line":118,"type":"if","locations":[{"start":{"line":118,"column":4},"end":{"line":118,"column":4}},{"start":{"line":118,"column":4},"end":{"line":118,"column":4}}]},"5":{"line":128,"type":"if","locations":[{"start":{"line":128,"column":4},"end":{"line":128,"column":4}},{"start":{"line":128,"column":4},"end":{"line":128,"column":4}}]},"6":{"line":138,"type":"if","locations":[{"start":{"line":138,"column":4},"end":{"line":138,"column":4}},{"start":{"line":138,"column":4},"end":{"line":138,"column":4}}]},"7":{"line":151,"type":"if","locations":[{"start":{"line":151,"column":4},"end":{"line":151,"column":4}},{"start":{"line":151,"column":4},"end":{"line":151,"column":4}}]},"8":{"line":152,"type":"if","locations":[{"start":{"line":152,"column":4},"end":{"line":152,"column":4}},{"start":{"line":152,"column":4},"end":{"line":152,"column":4}}]},"9":{"line":157,"type":"if","locations":[{"start":{"line":157,"column":4},"end":{"line":157,"column":4}},{"start":{"line":157,"column":4},"end":{"line":157,"column":4}}]},"10":{"line":166,"type":"if","locations":[{"start":{"line":166,"column":4},"end":{"line":166,"column":4}},{"start":{"line":166,"column":4},"end":{"line":166,"column":4}}]},"11":{"line":196,"type":"if","locations":[{"start":{"line":196,"column":4},"end":{"line":196,"column":4}},{"start":{"line":196,"column":4},"end":{"line":196,"column":4}}]},"12":{"line":197,"type":"if","locations":[{"start":{"line":197,"column":4},"end":{"line":197,"column":4}},{"start":{"line":197,"column":4},"end":{"line":197,"column":4}}]},"13":{"line":209,"type":"if","locations":[{"start":{"line":209,"column":4},"end":{"line":209,"column":4}},{"start":{"line":209,"column":4},"end":{"line":209,"column":4}}]},"14":{"line":220,"type":"if","locations":[{"start":{"line":220,"column":4},"end":{"line":220,"column":4}},{"start":{"line":220,"column":4},"end":{"line":220,"column":4}}]},"15":{"line":222,"type":"if","locations":[{"start":{"line":222,"column":4},"end":{"line":222,"column":4}},{"start":{"line":222,"column":4},"end":{"line":222,"column":4}}]},"16":{"line":236,"type":"if","locations":[{"start":{"line":236,"column":4},"end":{"line":236,"column":4}},{"start":{"line":236,"column":4},"end":{"line":236,"column":4}}]},"17":{"line":237,"type":"if","locations":[{"start":{"line":237,"column":4},"end":{"line":237,"column":4}},{"start":{"line":237,"column":4},"end":{"line":237,"column":4}}]},"18":{"line":238,"type":"if","locations":[{"start":{"line":238,"column":4},"end":{"line":238,"column":4}},{"start":{"line":238,"column":4},"end":{"line":238,"column":4}}]},"19":{"line":239,"type":"if","locations":[{"start":{"line":239,"column":4},"end":{"line":239,"column":4}},{"start":{"line":239,"column":4},"end":{"line":239,"column":4}}]},"20":{"line":253,"type":"if","locations":[{"start":{"line":253,"column":4},"end":{"line":253,"column":4}},{"start":{"line":253,"column":4},"end":{"line":253,"column":4}}]},"21":{"line":254,"type":"if","locations":[{"start":{"line":254,"column":6},"end":{"line":254,"column":6}},{"start":{"line":254,"column":6},"end":{"line":254,"column":6}}]},"22":{"line":258,"type":"if","locations":[{"start":{"line":258,"column":4},"end":{"line":258,"column":4}},{"start":{"line":258,"column":4},"end":{"line":258,"column":4}}]},"23":{"line":281,"type":"if","locations":[{"start":{"line":281,"column":6},"end":{"line":281,"column":6}},{"start":{"line":281,"column":6},"end":{"line":281,"column":6}}]},"24":{"line":300,"type":"if","locations":[{"start":{"line":300,"column":6},"end":{"line":300,"column":6}},{"start":{"line":300,"column":6},"end":{"line":300,"column":6}}]},"25":{"line":301,"type":"if","locations":[{"start":{"line":301,"column":8},"end":{"line":301,"column":8}},{"start":{"line":301,"column":8},"end":{"line":301,"column":8}}]},"26":{"line":304,"type":"if","locations":[{"start":{"line":304,"column":8},"end":{"line":304,"column":8}},{"start":{"line":304,"column":8},"end":{"line":304,"column":8}}]},"27":{"line":325,"type":"if","locations":[{"start":{"line":325,"column":4},"end":{"line":325,"column":4}},{"start":{"line":325,"column":4},"end":{"line":325,"column":4}}]},"28":{"line":346,"type":"if","locations":[{"start":{"line":346,"column":6},"end":{"line":346,"column":6}},{"start":{"line":346,"column":6},"end":{"line":346,"column":6}}]},"29":{"line":363,"type":"if","locations":[{"start":{"line":363,"column":4},"end":{"line":363,"column":4}},{"start":{"line":363,"column":4},"end":{"line":363,"column":4}}]},"30":{"line":364,"type":"if","locations":[{"start":{"line":364,"column":4},"end":{"line":364,"column":4}},{"start":{"line":364,"column":4},"end":{"line":364,"column":4}}]},"31":{"line":381,"type":"if","locations":[{"start":{"line":381,"column":4},"end":{"line":381,"column":4}},{"start":{"line":381,"column":4},"end":{"line":381,"column":4}}]},"32":{"line":382,"type":"if","locations":[{"start":{"line":382,"column":4},"end":{"line":382,"column":4}},{"start":{"line":382,"column":4},"end":{"line":382,"column":4}}]},"33":{"line":383,"type":"if","locations":[{"start":{"line":383,"column":6},"end":{"line":383,"column":6}},{"start":{"line":383,"column":6},"end":{"line":383,"column":6}}]},"34":{"line":384,"type":"if","locations":[{"start":{"line":384,"column":8},"end":{"line":384,"column":8}},{"start":{"line":384,"column":8},"end":{"line":384,"column":8}}]},"35":{"line":386,"type":"if","locations":[{"start":{"line":386,"column":6},"end":{"line":386,"column":6}},{"start":{"line":386,"column":6},"end":{"line":386,"column":6}}]},"36":{"line":387,"type":"if","locations":[{"start":{"line":387,"column":8},"end":{"line":387,"column":8}},{"start":{"line":387,"column":8},"end":{"line":387,"column":8}}]},"37":{"line":389,"type":"if","locations":[{"start":{"line":389,"column":6},"end":{"line":389,"column":6}},{"start":{"line":389,"column":6},"end":{"line":389,"column":6}}]},"38":{"line":390,"type":"if","locations":[{"start":{"line":390,"column":8},"end":{"line":390,"column":8}},{"start":{"line":390,"column":8},"end":{"line":390,"column":8}}]},"39":{"line":404,"type":"if","locations":[{"start":{"line":404,"column":4},"end":{"line":404,"column":4}},{"start":{"line":404,"column":4},"end":{"line":404,"column":4}}]},"40":{"line":406,"type":"if","locations":[{"start":{"line":406,"column":6},"end":{"line":406,"column":6}},{"start":{"line":406,"column":6},"end":{"line":406,"column":6}}]},"41":{"line":419,"type":"if","locations":[{"start":{"line":419,"column":4},"end":{"line":419,"column":4}},{"start":{"line":419,"column":4},"end":{"line":419,"column":4}}]},"42":{"line":437,"type":"if","locations":[{"start":{"line":437,"column":4},"end":{"line":437,"column":4}},{"start":{"line":437,"column":4},"end":{"line":437,"column":4}}]},"43":{"line":460,"type":"if","locations":[{"start":{"line":460,"column":4},"end":{"line":460,"column":4}},{"start":{"line":460,"column":4},"end":{"line":460,"column":4}}]},"44":{"line":473,"type":"if","locations":[{"start":{"line":473,"column":4},"end":{"line":473,"column":4}},{"start":{"line":473,"column":4},"end":{"line":473,"column":4}}]},"45":{"line":474,"type":"if","locations":[{"start":{"line":474,"column":4},"end":{"line":474,"column":4}},{"start":{"line":474,"column":4},"end":{"line":474,"column":4}}]},"46":{"line":495,"type":"if","locations":[{"start":{"line":495,"column":6},"end":{"line":495,"column":6}},{"start":{"line":495,"column":6},"end":{"line":495,"column":6}}]},"47":{"line":498,"type":"if","locations":[{"start":{"line":498,"column":8},"end":{"line":498,"column":8}},{"start":{"line":498,"column":8},"end":{"line":498,"column":8}}]},"48":{"line":505,"type":"if","locations":[{"start":{"line":505,"column":8},"end":{"line":505,"column":8}},{"start":{"line":505,"column":8},"end":{"line":505,"column":8}}]},"49":{"line":506,"type":"if","locations":[{"start":{"line":506,"column":10},"end":{"line":506,"column":10}},{"start":{"line":506,"column":10},"end":{"line":506,"column":10}}]},"50":{"line":510,"type":"if","locations":[{"start":{"line":510,"column":10},"end":{"line":510,"column":10}},{"start":{"line":510,"column":10},"end":{"line":510,"column":10}}]},"51":{"line":537,"type":"if","locations":[{"start":{"line":537,"column":4},"end":{"line":537,"column":4}},{"start":{"line":537,"column":4},"end":{"line":537,"column":4}}]},"52":{"line":544,"type":"if","locations":[{"start":{"line":544,"column":4},"end":{"line":544,"column":4}},{"start":{"line":544,"column":4},"end":{"line":544,"column":4}}]},"53":{"line":545,"type":"if","locations":[{"start":{"line":545,"column":4},"end":{"line":545,"column":4}},{"start":{"line":545,"column":4},"end":{"line":545,"column":4}}]},"54":{"line":549,"type":"if","locations":[{"start":{"line":549,"column":4},"end":{"line":549,"column":4}},{"start":{"line":549,"column":4},"end":{"line":549,"column":4}}]},"55":{"line":551,"type":"if","locations":[{"start":{"line":551,"column":4},"end":{"line":551,"column":4}},{"start":{"line":551,"column":4},"end":{"line":551,"column":4}}]},"56":{"line":569,"type":"if","locations":[{"start":{"line":569,"column":6},"end":{"line":569,"column":6}},{"start":{"line":569,"column":6},"end":{"line":569,"column":6}}]},"57":{"line":572,"type":"if","locations":[{"start":{"line":572,"column":6},"end":{"line":572,"column":6}},{"start":{"line":572,"column":6},"end":{"line":572,"column":6}}]},"58":{"line":577,"type":"if","locations":[{"start":{"line":577,"column":6},"end":{"line":577,"column":6}},{"start":{"line":577,"column":6},"end":{"line":577,"column":6}}]},"59":{"line":580,"type":"if","locations":[{"start":{"line":580,"column":8},"end":{"line":580,"column":8}},{"start":{"line":580,"column":8},"end":{"line":580,"column":8}}]},"60":{"line":584,"type":"if","locations":[{"start":{"line":584,"column":8},"end":{"line":584,"column":8}},{"start":{"line":584,"column":8},"end":{"line":584,"column":8}}]}}},"contracts/UserBuildings.sol":{"l":{"86":527,"96":3,"97":2,"98":1,"99":1,"108":133,"109":131,"118":133,"119":131,"128":133,"129":131,"138":133,"139":131,"151":7,"153":4,"155":4,"157":4,"158":4,"161":4,"162":4,"165":4,"167":4,"178":89,"180":88,"181":236,"184":86,"185":234,"188":86,"190":86,"202":68,"203":67,"205":66,"207":66,"209":66,"222":7,"223":6,"225":5,"226":6,"227":5,"228":5,"231":4,"233":4,"235":4,"248":14,"249":13,"250":11,"252":11,"254":11,"264":19,"274":19,"275":19,"276":19,"277":68,"279":19,"290":51,"303":4,"304":4,"305":4,"306":4,"307":5,"308":5,"309":5,"310":5,"311":3,"313":5,"314":1,"316":5,"317":1,"321":4,"331":103,"332":103,"334":103,"335":325,"336":256,"337":256,"338":79,"341":256,"342":83,"347":103,"362":72,"363":72,"364":222,"365":4,"366":2,"369":2,"371":2,"373":2,"374":1,"377":1,"379":218,"381":68,"392":10,"394":10,"395":2,"396":2,"397":2,"400":8,"401":8,"402":8,"412":109,"413":109,"415":109,"416":338,"417":270,"418":270,"419":176,"422":270,"423":184,"427":109},"path":"/home/lucho/Experimental/crypto-wars-solidity-fetcher/contracts/UserBuildings.sol","s":{"1":527,"2":3,"3":2,"4":1,"5":1,"6":133,"7":131,"8":133,"9":131,"10":133,"11":131,"12":133,"13":131,"14":7,"15":4,"16":4,"17":4,"18":4,"19":4,"20":4,"21":4,"22":4,"23":89,"24":88,"25":236,"26":86,"27":86,"28":86,"29":68,"30":67,"31":66,"32":66,"33":7,"34":6,"35":5,"36":6,"37":5,"38":5,"39":4,"40":4,"41":4,"42":14,"43":13,"44":11,"45":11,"46":11,"47":19,"48":19,"49":19,"50":19,"51":68,"52":19,"53":51,"54":4,"55":5,"56":5,"57":5,"58":5,"59":5,"60":5,"61":4,"62":103,"63":325,"64":256,"65":256,"66":79,"67":256,"68":83,"69":103,"70":72,"71":72,"72":222,"73":4,"74":2,"75":2,"76":2,"77":1,"78":1,"79":68,"80":10,"81":10,"82":2,"83":2,"84":2,"85":8,"86":8,"87":8,"88":109,"89":109,"90":109,"91":338,"92":270,"93":270,"94":176,"95":270,"96":184,"97":109},"b":{"1":[2,1],"2":[1,1],"3":[131,2],"4":[131,2],"5":[131,2],"6":[131,2],"7":[4,3],"8":[4,0],"9":[4,0],"10":[88,1],"11":[234,2],"12":[67,1],"13":[66,1],"14":[6,1],"15":[5,1],"16":[5,1],"17":[5,0],"18":[4,0],"19":[13,1],"20":[11,2],"21":[11,0],"22":[5,0],"23":[3,2],"24":[1,4],"25":[1,4],"26":[256,69],"27":[79,177],"28":[83,173],"29":[4,218],"30":[2,2],"31":[1,1],"32":[10,0],"33":[2,8],"34":[2,0],"35":[8,0],"36":[270,68],"37":[176,94],"38":[184,86]},"f":{"1":138,"2":527,"3":3,"4":133,"5":133,"6":133,"7":133,"8":7,"9":89,"10":68,"11":7,"12":14,"13":19,"14":19,"15":51,"16":4,"17":103,"18":72,"19":10,"20":109},"fnMap":{"1":{"name":"UserBuildings","line":78,"loc":{"start":{"line":78,"column":2},"end":{"line":78,"column":33}}},"2":{"name":"isUserBuildings","line":85,"loc":{"start":{"line":85,"column":2},"end":{"line":85,"column":57}}},"3":{"name":"setUserBuildingsVersion","line":95,"loc":{"start":{"line":95,"column":2},"end":{"line":95,"column":106}}},"4":{"name":"setUserVillage","line":107,"loc":{"start":{"line":107,"column":2},"end":{"line":107,"column":70}}},"5":{"name":"setUserResources","line":117,"loc":{"start":{"line":117,"column":2},"end":{"line":117,"column":76}}},"6":{"name":"setBuildingsData","line":127,"loc":{"start":{"line":127,"column":2},"end":{"line":127,"column":76}}},"7":{"name":"setBuildingsQueue","line":137,"loc":{"start":{"line":137,"column":2},"end":{"line":137,"column":79}}},"8":{"name":"addUserBuildings","line":150,"loc":{"start":{"line":150,"column":2},"end":{"line":150,"column":96}}},"9":{"name":"addInitialBuildings","line":177,"loc":{"start":{"line":177,"column":2},"end":{"line":177,"column":82}}},"10":{"name":"initNewBuilding","line":201,"loc":{"start":{"line":201,"column":2},"end":{"line":201,"column":81}}},"11":{"name":"removeUserBuildings","line":221,"loc":{"start":{"line":221,"column":2},"end":{"line":221,"column":99}}},"12":{"name":"upgradeBuilding","line":247,"loc":{"start":{"line":247,"column":2},"end":{"line":247,"column":88}}},"13":{"name":"getUserBuildingsLength","line":263,"loc":{"start":{"line":263,"column":2},"end":{"line":263,"column":84}}},"14":{"name":"getUserBuildings","line":273,"loc":{"start":{"line":273,"column":2},"end":{"line":273,"column":73}}},"15":{"name":"getUserBuildingIdAndStatus","line":289,"loc":{"start":{"line":289,"column":2},"end":{"line":289,"column":110}}},"16":{"name":"returnResourcesToUser","line":301,"loc":{"start":{"line":301,"column":2},"end":{"line":301,"column":84}}},"17":{"name":"getUserRates","line":330,"loc":{"start":{"line":330,"column":2},"end":{"line":330,"column":104}}},"18":{"name":"buildingTypeIsUnique","line":361,"loc":{"start":{"line":361,"column":2},"end":{"line":361,"column":96}}},"19":{"name":"updateBuildingStatus","line":391,"loc":{"start":{"line":391,"column":2},"end":{"line":391,"column":93}}},"20":{"name":"getUserResourcesCapacity","line":411,"loc":{"start":{"line":411,"column":2},"end":{"line":411,"column":124}}}},"statementMap":{"1":{"start":{"line":86,"column":4},"end":{"line":86,"column":15}},"2":{"start":{"line":96,"column":4},"end":{"line":96,"column":52}},"3":{"start":{"line":97,"column":4},"end":{"line":97,"column":55}},"4":{"start":{"line":98,"column":4},"end":{"line":98,"column":49}},"5":{"start":{"line":99,"column":4},"end":{"line":99,"column":23}},"6":{"start":{"line":108,"column":4},"end":{"line":108,"column":40}},"7":{"start":{"line":109,"column":4},"end":{"line":109,"column":29}},"8":{"start":{"line":118,"column":4},"end":{"line":118,"column":44}},"9":{"start":{"line":119,"column":4},"end":{"line":119,"column":33}},"10":{"start":{"line":128,"column":4},"end":{"line":128,"column":44}},"11":{"start":{"line":129,"column":4},"end":{"line":129,"column":33}},"12":{"start":{"line":138,"column":4},"end":{"line":138,"column":46}},"13":{"start":{"line":139,"column":4},"end":{"line":139,"column":35}},"14":{"start":{"line":151,"column":4},"end":{"line":151,"column":49}},"15":{"start":{"line":153,"column":4},"end":{"line":153,"column":42}},"16":{"start":{"line":155,"column":4},"end":{"line":155,"column":28}},"17":{"start":{"line":157,"column":4},"end":{"line":157,"column":5633}},"18":{"start":{"line":158,"column":6},"end":{"line":158,"column":55}},"19":{"start":{"line":161,"column":4},"end":{"line":161,"column":5738}},"20":{"start":{"line":162,"column":6},"end":{"line":162,"column":64}},"21":{"start":{"line":165,"column":4},"end":{"line":165,"column":42}},"22":{"start":{"line":167,"column":4},"end":{"line":167,"column":15}},"23":{"start":{"line":178,"column":4},"end":{"line":178,"column":69}},"24":{"start":{"line":180,"column":4},"end":{"line":180,"column":6375}},"25":{"start":{"line":181,"column":6},"end":{"line":181,"column":55}},"26":{"start":{"line":184,"column":4},"end":{"line":184,"column":6485}},"27":{"start":{"line":188,"column":4},"end":{"line":188,"column":35}},"28":{"start":{"line":190,"column":4},"end":{"line":190,"column":15}},"29":{"start":{"line":202,"column":4},"end":{"line":202,"column":72}},"30":{"start":{"line":203,"column":4},"end":{"line":203,"column":49}},"31":{"start":{"line":207,"column":4},"end":{"line":207,"column":58}},"32":{"start":{"line":209,"column":4},"end":{"line":209,"column":42}},"33":{"start":{"line":222,"column":4},"end":{"line":222,"column":72}},"34":{"start":{"line":223,"column":4},"end":{"line":223,"column":42}},"35":{"start":{"line":225,"column":4},"end":{"line":225,"column":8112}},"36":{"start":{"line":226,"column":6},"end":{"line":226,"column":55}},"37":{"start":{"line":227,"column":6},"end":{"line":227,"column":61}},"38":{"start":{"line":228,"column":6},"end":{"line":228,"column":53}},"39":{"start":{"line":231,"column":4},"end":{"line":231,"column":46}},"40":{"start":{"line":233,"column":4},"end":{"line":233,"column":45}},"41":{"start":{"line":235,"column":4},"end":{"line":235,"column":15}},"42":{"start":{"line":248,"column":4},"end":{"line":248,"column":31}},"43":{"start":{"line":249,"column":4},"end":{"line":249,"column":49}},"44":{"start":{"line":250,"column":4},"end":{"line":250,"column":50}},"45":{"start":{"line":252,"column":4},"end":{"line":252,"column":46}},"46":{"start":{"line":254,"column":4},"end":{"line":254,"column":15}},"47":{"start":{"line":264,"column":4},"end":{"line":264,"column":38}},"48":{"start":{"line":274,"column":4},"end":{"line":274,"column":44}},"49":{"start":{"line":275,"column":4},"end":{"line":275,"column":49}},"50":{"start":{"line":276,"column":4},"end":{"line":276,"column":9971}},"51":{"start":{"line":277,"column":6},"end":{"line":277,"column":48}},"52":{"start":{"line":279,"column":4},"end":{"line":279,"column":22}},"53":{"start":{"line":290,"column":4},"end":{"line":290,"column":81}},"54":{"start":{"line":306,"column":4},"end":{"line":306,"column":11237}},"55":{"start":{"line":307,"column":6},"end":{"line":307,"column":75}},"56":{"start":{"line":308,"column":6},"end":{"line":308,"column":11364}},"57":{"start":{"line":309,"column":8},"end":{"line":309,"column":33}},"58":{"start":{"line":310,"column":8},"end":{"line":310,"column":11427}},"59":{"start":{"line":313,"column":8},"end":{"line":313,"column":11535}},"60":{"start":{"line":316,"column":8},"end":{"line":316,"column":11643}},"61":{"start":{"line":321,"column":4},"end":{"line":321,"column":15}},"62":{"start":{"line":334,"column":2},"end":{"line":334,"column":12217}},"63":{"start":{"line":335,"column":6},"end":{"line":335,"column":12282}},"64":{"start":{"line":336,"column":8},"end":{"line":336,"column":97}},"65":{"start":{"line":337,"column":8},"end":{"line":337,"column":12438}},"66":{"start":{"line":338,"column":10},"end":{"line":338,"column":62}},"67":{"start":{"line":341,"column":8},"end":{"line":341,"column":12542}},"68":{"start":{"line":342,"column":10},"end":{"line":342,"column":71}},"69":{"start":{"line":347,"column":4},"end":{"line":347,"column":44}},"70":{"start":{"line":362,"column":4},"end":{"line":362,"column":13}},"71":{"start":{"line":363,"column":4},"end":{"line":363,"column":13535}},"72":{"start":{"line":364,"column":6},"end":{"line":364,"column":13585}},"73":{"start":{"line":365,"column":8},"end":{"line":365,"column":13673}},"74":{"start":{"line":366,"column":10},"end":{"line":366,"column":19}},"75":{"start":{"line":371,"column":8},"end":{"line":371,"column":79}},"76":{"start":{"line":373,"column":8},"end":{"line":373,"column":13868}},"77":{"start":{"line":374,"column":10},"end":{"line":374,"column":19}},"78":{"start":{"line":377,"column":8},"end":{"line":377,"column":21}},"79":{"start":{"line":381,"column":4},"end":{"line":381,"column":13}},"80":{"start":{"line":392,"column":4},"end":{"line":392,"column":49}},"81":{"start":{"line":394,"column":4},"end":{"line":394,"column":14436}},"82":{"start":{"line":395,"column":6},"end":{"line":395,"column":59}},"83":{"start":{"line":396,"column":6},"end":{"line":396,"column":47}},"84":{"start":{"line":397,"column":6},"end":{"line":397,"column":17}},"85":{"start":{"line":400,"column":4},"end":{"line":400,"column":50}},"86":{"start":{"line":401,"column":4},"end":{"line":401,"column":46}},"87":{"start":{"line":402,"column":4},"end":{"line":402,"column":15}},"88":{"start":{"line":412,"column":4},"end":{"line":412,"column":24}},"89":{"start":{"line":413,"column":4},"end":{"line":413,"column":27}},"90":{"start":{"line":415,"column":4},"end":{"line":415,"column":15189}},"91":{"start":{"line":416,"column":6},"end":{"line":416,"column":15254}},"92":{"start":{"line":417,"column":8},"end":{"line":417,"column":108}},"93":{"start":{"line":418,"column":8},"end":{"line":418,"column":15421}},"94":{"start":{"line":419,"column":10},"end":{"line":419,"column":74}},"95":{"start":{"line":422,"column":8},"end":{"line":422,"column":15541}},"96":{"start":{"line":423,"column":10},"end":{"line":423,"column":83}},"97":{"start":{"line":427,"column":4},"end":{"line":427,"column":52}}},"branchMap":{"1":{"line":96,"type":"if","locations":[{"start":{"line":96,"column":4},"end":{"line":96,"column":4}},{"start":{"line":96,"column":4},"end":{"line":96,"column":4}}]},"2":{"line":97,"type":"if","locations":[{"start":{"line":97,"column":4},"end":{"line":97,"column":4}},{"start":{"line":97,"column":4},"end":{"line":97,"column":4}}]},"3":{"line":108,"type":"if","locations":[{"start":{"line":108,"column":4},"end":{"line":108,"column":4}},{"start":{"line":108,"column":4},"end":{"line":108,"column":4}}]},"4":{"line":118,"type":"if","locations":[{"start":{"line":118,"column":4},"end":{"line":118,"column":4}},{"start":{"line":118,"column":4},"end":{"line":118,"column":4}}]},"5":{"line":128,"type":"if","locations":[{"start":{"line":128,"column":4},"end":{"line":128,"column":4}},{"start":{"line":128,"column":4},"end":{"line":128,"column":4}}]},"6":{"line":138,"type":"if","locations":[{"start":{"line":138,"column":4},"end":{"line":138,"column":4}},{"start":{"line":138,"column":4},"end":{"line":138,"column":4}}]},"7":{"line":151,"type":"if","locations":[{"start":{"line":151,"column":4},"end":{"line":151,"column":4}},{"start":{"line":151,"column":4},"end":{"line":151,"column":4}}]},"8":{"line":153,"type":"if","locations":[{"start":{"line":153,"column":4},"end":{"line":153,"column":4}},{"start":{"line":153,"column":4},"end":{"line":153,"column":4}}]},"9":{"line":158,"type":"if","locations":[{"start":{"line":158,"column":6},"end":{"line":158,"column":6}},{"start":{"line":158,"column":6},"end":{"line":158,"column":6}}]},"10":{"line":178,"type":"if","locations":[{"start":{"line":178,"column":4},"end":{"line":178,"column":4}},{"start":{"line":178,"column":4},"end":{"line":178,"column":4}}]},"11":{"line":181,"type":"if","locations":[{"start":{"line":181,"column":6},"end":{"line":181,"column":6}},{"start":{"line":181,"column":6},"end":{"line":181,"column":6}}]},"12":{"line":202,"type":"if","locations":[{"start":{"line":202,"column":4},"end":{"line":202,"column":4}},{"start":{"line":202,"column":4},"end":{"line":202,"column":4}}]},"13":{"line":203,"type":"if","locations":[{"start":{"line":203,"column":4},"end":{"line":203,"column":4}},{"start":{"line":203,"column":4},"end":{"line":203,"column":4}}]},"14":{"line":222,"type":"if","locations":[{"start":{"line":222,"column":4},"end":{"line":222,"column":4}},{"start":{"line":222,"column":4},"end":{"line":222,"column":4}}]},"15":{"line":223,"type":"if","locations":[{"start":{"line":223,"column":4},"end":{"line":223,"column":4}},{"start":{"line":223,"column":4},"end":{"line":223,"column":4}}]},"16":{"line":226,"type":"if","locations":[{"start":{"line":226,"column":6},"end":{"line":226,"column":6}},{"start":{"line":226,"column":6},"end":{"line":226,"column":6}}]},"17":{"line":227,"type":"if","locations":[{"start":{"line":227,"column":6},"end":{"line":227,"column":6}},{"start":{"line":227,"column":6},"end":{"line":227,"column":6}}]},"18":{"line":231,"type":"if","locations":[{"start":{"line":231,"column":4},"end":{"line":231,"column":4}},{"start":{"line":231,"column":4},"end":{"line":231,"column":4}}]},"19":{"line":248,"type":"if","locations":[{"start":{"line":248,"column":4},"end":{"line":248,"column":4}},{"start":{"line":248,"column":4},"end":{"line":248,"column":4}}]},"20":{"line":249,"type":"if","locations":[{"start":{"line":249,"column":4},"end":{"line":249,"column":4}},{"start":{"line":249,"column":4},"end":{"line":249,"column":4}}]},"21":{"line":250,"type":"if","locations":[{"start":{"line":250,"column":4},"end":{"line":250,"column":4}},{"start":{"line":250,"column":4},"end":{"line":250,"column":4}}]},"22":{"line":308,"type":"if","locations":[{"start":{"line":308,"column":6},"end":{"line":308,"column":6}},{"start":{"line":308,"column":6},"end":{"line":308,"column":6}}]},"23":{"line":310,"type":"if","locations":[{"start":{"line":310,"column":8},"end":{"line":310,"column":8}},{"start":{"line":310,"column":8},"end":{"line":310,"column":8}}]},"24":{"line":313,"type":"if","locations":[{"start":{"line":313,"column":8},"end":{"line":313,"column":8}},{"start":{"line":313,"column":8},"end":{"line":313,"column":8}}]},"25":{"line":316,"type":"if","locations":[{"start":{"line":316,"column":8},"end":{"line":316,"column":8}},{"start":{"line":316,"column":8},"end":{"line":316,"column":8}}]},"26":{"line":335,"type":"if","locations":[{"start":{"line":335,"column":6},"end":{"line":335,"column":6}},{"start":{"line":335,"column":6},"end":{"line":335,"column":6}}]},"27":{"line":337,"type":"if","locations":[{"start":{"line":337,"column":8},"end":{"line":337,"column":8}},{"start":{"line":337,"column":8},"end":{"line":337,"column":8}}]},"28":{"line":341,"type":"if","locations":[{"start":{"line":341,"column":8},"end":{"line":341,"column":8}},{"start":{"line":341,"column":8},"end":{"line":341,"column":8}}]},"29":{"line":364,"type":"if","locations":[{"start":{"line":364,"column":6},"end":{"line":364,"column":6}},{"start":{"line":364,"column":6},"end":{"line":364,"column":6}}]},"30":{"line":365,"type":"if","locations":[{"start":{"line":365,"column":8},"end":{"line":365,"column":8}},{"start":{"line":365,"column":8},"end":{"line":365,"column":8}}]},"31":{"line":373,"type":"if","locations":[{"start":{"line":373,"column":8},"end":{"line":373,"column":8}},{"start":{"line":373,"column":8},"end":{"line":373,"column":8}}]},"32":{"line":392,"type":"if","locations":[{"start":{"line":392,"column":4},"end":{"line":392,"column":4}},{"start":{"line":392,"column":4},"end":{"line":392,"column":4}}]},"33":{"line":394,"type":"if","locations":[{"start":{"line":394,"column":4},"end":{"line":394,"column":4}},{"start":{"line":394,"column":4},"end":{"line":394,"column":4}}]},"34":{"line":395,"type":"if","locations":[{"start":{"line":395,"column":6},"end":{"line":395,"column":6}},{"start":{"line":395,"column":6},"end":{"line":395,"column":6}}]},"35":{"line":400,"type":"if","locations":[{"start":{"line":400,"column":4},"end":{"line":400,"column":4}},{"start":{"line":400,"column":4},"end":{"line":400,"column":4}}]},"36":{"line":416,"type":"if","locations":[{"start":{"line":416,"column":6},"end":{"line":416,"column":6}},{"start":{"line":416,"column":6},"end":{"line":416,"column":6}}]},"37":{"line":418,"type":"if","locations":[{"start":{"line":418,"column":8},"end":{"line":418,"column":8}},{"start":{"line":418,"column":8},"end":{"line":418,"column":8}}]},"38":{"line":422,"type":"if","locations":[{"start":{"line":422,"column":8},"end":{"line":422,"column":8}},{"start":{"line":422,"column":8},"end":{"line":422,"column":8}}]}}},"contracts/UserResources.sol":{"l":{"113":396,"123":3,"124":2,"125":1,"126":1,"135":133,"136":131,"145":132,"146":131,"155":132,"156":131,"166":84,"167":83,"169":82,"170":82,"171":82,"172":82,"174":82,"175":82,"186":66,"201":18,"202":17,"204":18,"205":17,"207":18,"208":16,"211":18,"221":52,"222":51,"223":51,"224":50,"226":50,"228":50,"238":28,"239":27,"240":27,"241":26,"243":26,"245":26,"255":4,"256":3,"257":2,"259":2,"261":2,"276":69,"280":68,"281":68,"282":68,"284":68,"294":89,"295":88,"304":95,"306":95,"307":95,"308":95,"309":95,"310":95,"312":95,"314":95,"316":95,"317":77,"318":4,"320":77,"321":73,"327":95,"328":80,"329":2,"332":80,"333":78,"339":95,"341":95,"352":95,"354":95,"355":95,"356":95,"358":95,"360":95,"362":95,"363":95,"366":95,"376":109,"377":109,"379":109,"381":109,"383":109,"384":109,"386":109,"396":6},"path":"/home/lucho/Experimental/crypto-wars-solidity-fetcher/contracts/UserResources.sol","s":{"1":396,"2":3,"3":2,"4":1,"5":1,"6":133,"7":131,"8":132,"9":131,"10":132,"11":131,"12":84,"13":83,"14":82,"15":82,"16":82,"17":82,"18":82,"19":82,"20":66,"21":18,"22":17,"23":18,"24":17,"25":18,"26":16,"27":18,"28":52,"29":51,"30":51,"31":50,"32":50,"33":50,"34":28,"35":27,"36":27,"37":26,"38":26,"39":26,"40":4,"41":3,"42":2,"43":2,"44":2,"45":69,"46":68,"47":68,"48":68,"49":68,"50":89,"51":88,"52":95,"53":95,"54":95,"55":95,"56":95,"57":95,"58":95,"59":95,"60":95,"61":77,"62":4,"63":77,"64":73,"65":95,"66":80,"67":2,"68":80,"69":78,"70":95,"71":95,"72":95,"73":95,"74":95,"75":95,"76":95,"77":95,"78":95,"79":95,"80":95,"81":109,"82":109,"83":109,"84":109,"85":109,"86":109,"87":109,"88":6},"b":{"1":[2,1],"2":[1,1],"3":[131,2],"4":[131,1],"5":[131,1],"6":[83,1],"7":[82,1],"8":[17,1],"9":[17,1],"10":[16,2],"11":[51,1],"12":[50,1],"13":[27,1],"14":[26,1],"15":[3,1],"16":[2,1],"17":[68,1],"18":[88,1],"19":[95,0],"20":[77,18],"21":[4,73],"22":[73,4],"23":[80,15],"24":[2,78],"25":[78,2],"26":[95,0]},"f":{"1":146,"2":396,"3":3,"4":133,"5":132,"6":132,"7":84,"8":66,"9":18,"10":52,"11":28,"12":4,"13":69,"14":89,"15":95,"16":95,"17":109,"18":6},"fnMap":{"1":{"name":"UserResources","line":105,"loc":{"start":{"line":105,"column":1},"end":{"line":105,"column":33}}},"2":{"name":"isUserResources","line":112,"loc":{"start":{"line":112,"column":1},"end":{"line":112,"column":57}}},"3":{"name":"setUserResourcesVersion","line":122,"loc":{"start":{"line":122,"column":1},"end":{"line":122,"column":106}}},"4":{"name":"setUserVillage","line":134,"loc":{"start":{"line":134,"column":1},"end":{"line":134,"column":70}}},"5":{"name":"setBuildingsQueue","line":144,"loc":{"start":{"line":144,"column":1},"end":{"line":144,"column":79}}},"6":{"name":"setUserBuildings","line":154,"loc":{"start":{"line":154,"column":1},"end":{"line":154,"column":76}}},"7":{"name":"initUserResources","line":165,"loc":{"start":{"line":165,"column":1},"end":{"line":165,"column":67}}},"8":{"name":"getUserResources","line":183,"loc":{"start":{"line":183,"column":1},"end":{"line":185,"column":52}}},"9":{"name":"setInitialResources","line":198,"loc":{"start":{"line":198,"column":1},"end":{"line":200,"column":55}}},"10":{"name":"consumeGold","line":220,"loc":{"start":{"line":220,"column":1},"end":{"line":220,"column":74}}},"11":{"name":"con
[...]
,"column":2},"end":{"line":207,"column":6922}},"26":{"start":{"line":208,"column":5},"end":{"line":208,"column":37}},"27":{"start":{"line":211,"column":2},"end":{"line":211,"column":51}},"28":{"start":{"line":221,"column":2},"end":{"line":221,"column":70}},"29":{"start":{"line":222,"column":2},"end":{"line":222,"column":23}},"30":{"start":{"line":223,"column":2},"end":{"line":223,"column":46}},"31":{"start":{"line":224,"column":2},"end":{"line":224,"column":78}},"32":{"start":{"line":226,"column":2},"end":{"line":226,"column":27}},"33":{"start":{"line":228,"column":2},"end":{"line":228,"column":13}},"34":{"start":{"line":238,"column":2},"end":{"line":238,"column":70}},"35":{"start":{"line":239,"column":2},"end":{"line":239,"column":23}},"36":{"start":{"line":240,"column":2},"end":{"line":240,"column":49}},"37":{"start":{"line":241,"column":2},"end":{"line":241,"column":84}},"38":{"start":{"line":243,"column":2},"end":{"line":243,"column":30}},"39":{"start":{"line":245,"column":2},"end":{"line":245,"column":13}},"40":{"start":{"line":255,"column":2},"end":{"line":255,"column":70}},"41":{"start":{"line":256,"column":2},"end":{"line":256,"column":53}},"42":{"start":{"line":257,"column":2},"end":{"line":257,"column":92}},"43":{"start":{"line":259,"column":2},"end":{"line":259,"column":30}},"44":{"start":{"line":261,"column":2},"end":{"line":261,"column":13}},"45":{"start":{"line":276,"column":2},"end":{"line":276,"column":9563}},"46":{"start":{"line":280,"column":2},"end":{"line":280,"column":36}},"47":{"start":{"line":281,"column":2},"end":{"line":281,"column":42}},"48":{"start":{"line":282,"column":2},"end":{"line":282,"column":50}},"49":{"start":{"line":284,"column":2},"end":{"line":284,"column":58}},"50":{"start":{"line":294,"column":2},"end":{"line":294,"column":67}},"51":{"start":{"line":295,"column":2},"end":{"line":295,"column":39}},"52":{"start":{"line":304,"column":3},"end":{"line":304,"column":68}},"53":{"start":{"line":306,"column":2},"end":{"line":306,"column":10543}},"54":{"start":{"line":307,"column":3},"end":{"line":307,"column":15}},"55":{"start":{"line":308,"column":3},"end":{"line":308,"column":18}},"56":{"start":{"line":309,"column":3},"end":{"line":309,"column":23}},"57":{"start":{"line":310,"column":3},"end":{"line":310,"column":26}},"58":{"start":{"line":312,"column":3},"end":{"line":312,"column":49}},"59":{"start":{"line":314,"column":3},"end":{"line":314,"column":73}},"60":{"start":{"line":316,"column":3},"end":{"line":316,"column":10788}},"61":{"start":{"line":317,"column":4},"end":{"line":317,"column":10809}},"62":{"start":{"line":318,"column":5},"end":{"line":318,"column":45}},"63":{"start":{"line":320,"column":4},"end":{"line":320,"column":10937}},"64":{"start":{"line":321,"column":5},"end":{"line":321,"column":11012}},"65":{"start":{"line":327,"column":3},"end":{"line":327,"column":11115}},"66":{"start":{"line":328,"column":4},"end":{"line":328,"column":11139}},"67":{"start":{"line":329,"column":5},"end":{"line":329,"column":51}},"68":{"start":{"line":332,"column":4},"end":{"line":332,"column":11283}},"69":{"start":{"line":333,"column":5},"end":{"line":333,"column":11367}},"70":{"start":{"line":339,"column":3},"end":{"line":339,"column":40}},"71":{"start":{"line":341,"column":3},"end":{"line":341,"column":32}},"72":{"start":{"line":352,"column":2},"end":{"line":352,"column":67}},"73":{"start":{"line":354,"column":2},"end":{"line":354,"column":11937}},"74":{"start":{"line":355,"column":3},"end":{"line":355,"column":19}},"75":{"start":{"line":356,"column":3},"end":{"line":356,"column":22}},"76":{"start":{"line":358,"column":3},"end":{"line":358,"column":61}},"77":{"start":{"line":360,"column":3},"end":{"line":360,"column":71}},"78":{"start":{"line":362,"column":3},"end":{"line":362,"column":65}},"79":{"start":{"line":363,"column":3},"end":{"line":363,"column":74}},"80":{"start":{"line":366,"column":2},"end":{"line":366,"column":32}},"81":{"start":{"line":376,"column":2},"end":{"line":376,"column":27}},"82":{"start":{"line":377,"column":2},"end":{"line":377,"column":30}},"83":{"start":{"line":379,"column":2},"end":{"line":379,"column":80}},"84":{"start":{"line":381,"column":2},"end":{"line":381,"column":91}},"85":{"start":{"line":383,"column":2},"end":{"line":383,"column":61}},"86":{"start":{"line":384,"column":2},"end":{"line":384,"column":70}},"87":{"start":{"line":386,"column":2},"end":{"line":386,"column":40}},"88":{"start":{"line":396,"column":2},"end":{"line":396,"column":32}}},"branchMap":{"1":{"line":123,"type":"if","locations":[{"start":{"line":123,"column":2},"end":{"line":123,"column":2}},{"start":{"line":123,"column":2},"end":{"line":123,"column":2}}]},"2":{"line":124,"type":"if","locations":[{"start":{"line":124,"column":2},"end":{"line":124,"column":2}},{"start":{"line":124,"column":2},"end":{"line":124,"column":2}}]},"3":{"line":135,"type":"if","locations":[{"start":{"line":135,"column":2},"end":{"line":135,"column":2}},{"start":{"line":135,"column":2},"end":{"line":135,"column":2}}]},"4":{"line":145,"type":"if","locations":[{"start":{"line":145,"column":2},"end":{"line":145,"column":2}},{"start":{"line":145,"column":2},"end":{"line":145,"column":2}}]},"5":{"line":155,"type":"if","locations":[{"start":{"line":155,"column":2},"end":{"line":155,"column":2}},{"start":{"line":155,"column":2},"end":{"line":155,"column":2}}]},"6":{"line":166,"type":"if","locations":[{"start":{"line":166,"column":2},"end":{"line":166,"column":2}},{"start":{"line":166,"column":2},"end":{"line":166,"column":2}}]},"7":{"line":167,"type":"if","locations":[{"start":{"line":167,"column":2},"end":{"line":167,"column":2}},{"start":{"line":167,"column":2},"end":{"line":167,"column":2}}]},"8":{"line":201,"type":"if","locations":[{"start":{"line":201,"column":2},"end":{"line":201,"column":2}},{"start":{"line":201,"column":2},"end":{"line":201,"column":2}}]},"9":{"line":204,"type":"if","locations":[{"start":{"line":204,"column":2},"end":{"line":204,"column":2}},{"start":{"line":204,"column":2},"end":{"line":204,"column":2}}]},"10":{"line":207,"type":"if","locations":[{"start":{"line":207,"column":2},"end":{"line":207,"column":2}},{"start":{"line":207,"column":2},"end":{"line":207,"column":2}}]},"11":{"line":221,"type":"if","locations":[{"start":{"line":221,"column":2},"end":{"line":221,"column":2}},{"start":{"line":221,"column":2},"end":{"line":221,"column":2}}]},"12":{"line":223,"type":"if","locations":[{"start":{"line":223,"column":2},"end":{"line":223,"column":2}},{"start":{"line":223,"column":2},"end":{"line":223,"column":2}}]},"13":{"line":238,"type":"if","locations":[{"start":{"line":238,"column":2},"end":{"line":238,"column":2}},{"start":{"line":238,"column":2},"end":{"line":238,"column":2}}]},"14":{"line":240,"type":"if","locations":[{"start":{"line":240,"column":2},"end":{"line":240,"column":2}},{"start":{"line":240,"column":2},"end":{"line":240,"column":2}}]},"15":{"line":255,"type":"if","locations":[{"start":{"line":255,"column":2},"end":{"line":255,"column":2}},{"start":{"line":255,"column":2},"end":{"line":255,"column":2}}]},"16":{"line":256,"type":"if","locations":[{"start":{"line":256,"column":2},"end":{"line":256,"column":2}},{"start":{"line":256,"column":2},"end":{"line":256,"column":2}}]},"17":{"line":276,"type":"if","locations":[{"start":{"line":276,"column":2},"end":{"line":276,"column":2}},{"start":{"line":276,"column":2},"end":{"line":276,"column":2}}]},"18":{"line":294,"type":"if","locations":[{"start":{"line":294,"column":2},"end":{"line":294,"column":2}},{"start":{"line":294,"column":2},"end":{"line":294,"column":2}}]},"19":{"line":306,"type":"if","locations":[{"start":{"line":306,"column":2},"end":{"line":306,"column":2}},{"start":{"line":306,"column":2},"end":{"line":306,"column":2}}]},"20":{"line":316,"type":"if","locations":[{"start":{"line":316,"column":3},"end":{"line":316,"column":3}},{"start":{"line":316,"column":3},"end":{"line":316,"column":3}}]},"21":{"line":317,"type":"if","locations":[{"start":{"line":317,"column":4},"end":{"line":317,"column":4}},{"start":{"line":317,"column":4},"end":{"line":317,"column":4}}]},"22":{"line":320,"type":"if","locations":[{"start":{"line":320,"column":4},"end":{"line":320,"column":4}},{"start":{"line":320,"column":4},"end":{"line":320,"column":4}}]},"23":{"line":327,"type":"if","locations":[{"start":{"line":327,"column":3},"end":{"line":327,"column":3}},{"start":{"line":327,"column":3},"end":{"line":327,"column":3}}]},"24":{"line":328,"type":"if","locations":[{"start":{"line":328,"column":4},"end":{"line":328,"column":4}},{"start":{"line":328,"column":4},"end":{"line":328,"column":4}}]},"25":{"line":332,"type":"if","locations":[{"start":{"line":332,"column":4},"end":{"line":332,"column":4}},{"start":{"line":332,"column":4},"end":{"line":332,"column":4}}]},"26":{"line":354,"type":"if","locations":[{"start":{"line":354,"column":2},"end":{"line":354,"column":2}},{"start":{"line":354,"column":2},"end":{"line":354,"column":2}}]}}},"contracts/UserVault.sol":{"l":{"45":134,"55":3,"56":2,"57":1,"58":1,"67":138,"76":132,"77":131,"87":85,"88":85,"89":83,"90":83,"91":83,"101":2,"102":1,"103":1,"112":3},"path":"/home/lucho/Experimental/crypto-wars-solidity-fetcher/contracts/UserVault.sol","s":{"1":134,"2":3,"3":2,"4":1,"5":1,"6":138,"7":132,"8":131,"9":85,"10":85,"11":83,"12":83,"13":83,"14":2,"15":1,"16":3},"b":{"1":[2,1],"2":[1,1],"3":[131,1],"4":[85,0],"5":[83,2],"6":[1,1]},"f":{"1":146,"2":134,"3":3,"4":138,"5":132,"6":85,"7":2,"8":3},"fnMap":{"1":{"name":"UserVault","line":37,"loc":{"start":{"line":37,"column":1},"end":{"line":37,"column":29}}},"2":{"name":"isUserVault","line":44,"loc":{"start":{"line":44,"column":1},"end":{"line":44,"column":53}}},"3":{"name":"setUserVaultVersion","line":54,"loc":{"start":{"line":54,"column":1},"end":{"line":54,"column":94}}},"4":{"name":"setExperimentalToken","line":66,"loc":{"start":{"line":66,"column":2},"end":{"line":66,"column":88}}},"5":{"name":"setUserVillage","line":75,"loc":{"start":{"line":75,"column":2},"end":{"line":75,"column":70}}},"6":{"name":"add","line":86,"loc":{"start":{"line":86,"column":2},"end":{"line":86,"column":69}}},"7":{"name":"reclaimToken","line":100,"loc":{"start":{"line":100,"column":2},"end":{"line":100,"column":61}}},"8":{"name":"balanceOf","line":111,"loc":{"start":{"line":111,"column":2},"end":{"line":111,"column":79}}}},"statementMap":{"1":{"start":{"line":45,"column":2},"end":{"line":45,"column":13}},"2":{"start":{"line":55,"column":2},"end":{"line":55,"column":42}},"3":{"start":{"line":56,"column":2},"end":{"line":56,"column":49}},"4":{"start":{"line":57,"column":2},"end":{"line":57,"column":39}},"5":{"start":{"line":58,"column":4},"end":{"line":58,"column":23}},"6":{"start":{"line":67,"column":4},"end":{"line":67,"column":41}},"7":{"start":{"line":76,"column":4},"end":{"line":76,"column":40}},"8":{"start":{"line":77,"column":4},"end":{"line":77,"column":29}},"9":{"start":{"line":87,"column":4},"end":{"line":87,"column":69}},"10":{"start":{"line":88,"column":4},"end":{"line":88,"column":64}},"11":{"start":{"line":89,"column":4},"end":{"line":89,"column":49}},"12":{"start":{"line":90,"column":2},"end":{"line":90,"column":25}},"13":{"start":{"line":91,"column":4},"end":{"line":91,"column":15}},"14":{"start":{"line":101,"column":4},"end":{"line":101,"column":39}},"15":{"start":{"line":102,"column":4},"end":{"line":102,"column":43}},"16":{"start":{"line":112,"column":4},"end":{"line":112,"column":26}}},"branchMap":{"1":{"line":55,"type":"if","locations":[{"start":{"line":55,"column":2},"end":{"line":55,"column":2}},{"start":{"line":55,"column":2},"end":{"line":55,"column":2}}]},"2":{"line":56,"type":"if","locations":[{"start":{"line":56,"column":2},"end":{"line":56,"column":2}},{"start":{"line":56,"column":2},"end":{"line":56,"column":2}}]},"3":{"line":76,"type":"if","locations":[{"start":{"line":76,"column":4},"end":{"line":76,"column":4}},{"start":{"line":76,"column":4},"end":{"line":76,"column":4}}]},"4":{"line":87,"type":"if","locations":[{"start":{"line":87,"column":4},"end":{"line":87,"column":4}},{"start":{"line":87,"column":4},"end":{"line":87,"column":4}}]},"5":{"line":88,"type":"if","locations":[{"start":{"line":88,"column":4},"end":{"line":88,"column":4}},{"start":{"line":88,"column":4},"end":{"line":88,"column":4}}]},"6":{"line":101,"type":"if","locations":[{"start":{"line":101,"column":4},"end":{"line":101,"column":4}},{"start":{"line":101,"column":4},"end":{"line":101,"column":4}}]}}},"contracts/UserVillage.sol":{"l":{"53":396,"63":3,"64":2,"65":1,"66":1,"75":132,"76":131,"85":132,"86":131,"95":132,"96":131,"105":132,"106":131,"126":80,"127":80,"128":80,"130":80,"131":80,"132":80,"141":132,"142":130,"143":356,"147":132},"path":"/home/lucho/Experimental/crypto-wars-solidity-fetcher/contracts/UserVillage.sol","s":{"1":396,"2":3,"3":2,"4":1,"5":1,"6":132,"7":131,"8":132,"9":131,"10":132,"11":131,"12":132,"13":131,"14":85,"15":84,"16":83,"17":82,"18":81,"19":80,"20":80,"21":80,"22":80,"23":80,"24":132,"25":130,"26":356,"27":132},"b":{"1":[2,1],"2":[1,1],"3":[131,1],"4":[131,1],"5":[131,1],"6":[131,1],"7":[84,1],"8":[83,1],"9":[82,1],"10":[81,1],"11":[80,1],"12":[80,0],"13":[80,0],"14":[130,2],"15":[356,0]},"f":{"1":138,"2":396,"3":3,"4":132,"5":132,"6":132,"7":132,"8":85,"9":132},"fnMap":{"1":{"name":"UserVillage","line":45,"loc":{"start":{"line":45,"column":1},"end":{"line":45,"column":31}}},"2":{"name":"isUserVillage","line":52,"loc":{"start":{"line":52,"column":1},"end":{"line":52,"column":55}}},"3":{"name":"setUserVillageVersion","line":62,"loc":{"start":{"line":62,"column":1},"end":{"line":62,"column":100}}},"4":{"name":"setBuildingsData","line":74,"loc":{"start":{"line":74,"column":2},"end":{"line":74,"column":76}}},"5":{"name":"setUserBuildings","line":84,"loc":{"start":{"line":84,"column":1},"end":{"line":84,"column":76}}},"6":{"name":"setUserResources","line":94,"loc":{"start":{"line":94,"column":2},"end":{"line":94,"column":76}}},"7":{"name":"setUserVault","line":104,"loc":{"start":{"line":104,"column":2},"end":{"line":104,"column":64}}},"8":{"name":"create","line":118,"loc":{"start":{"line":118,"column":2},"end":{"line":118,"column":58}}},"9":{"name":"setInitialBuildings","line":140,"loc":{"start":{"line":140,"column":1},"end":{"line":140,"column":62}}}},"statementMap":{"1":{"start":{"line":53,"column":2},"end":{"line":53,"column":13}},"2":{"start":{"line":63,"column":2},"end":{"line":63,"column":46}},"3":{"start":{"line":64,"column":2},"end":{"line":64,"column":51}},"4":{"start":{"line":65,"column":2},"end":{"line":65,"column":43}},"5":{"start":{"line":66,"column":2},"end":{"line":66,"column":21}},"6":{"start":{"line":75,"column":2},"end":{"line":75,"column":42}},"7":{"start":{"line":76,"column":4},"end":{"line":76,"column":33}},"8":{"start":{"line":85,"column":2},"end":{"line":85,"column":42}},"9":{"start":{"line":86,"column":2},"end":{"line":86,"column":31}},"10":{"start":{"line":95,"column":4},"end":{"line":95,"column":44}},"11":{"start":{"line":96,"column":4},"end":{"line":96,"column":33}},"12":{"start":{"line":105,"column":4},"end":{"line":105,"column":36}},"13":{"start":{"line":106,"column":4},"end":{"line":106,"column":25}},"14":{"start":{"line":119,"column":4},"end":{"line":119,"column":45}},"15":{"start":{"line":120,"column":4},"end":{"line":120,"column":49}},"16":{"start":{"line":121,"column":2},"end":{"line":121,"column":58}},"17":{"start":{"line":122,"column":2},"end":{"line":122,"column":55}},"18":{"start":{"line":125,"column":2},"end":{"line":125,"column":44}},"19":{"start":{"line":126,"column":2},"end":{"line":126,"column":53}},"20":{"start":{"line":128,"column":2},"end":{"line":128,"column":76}},"21":{"start":{"line":130,"column":2},"end":{"line":130,"column":29}},"22":{"start":{"line":131,"column":2},"end":{"line":131,"column":45}},"23":{"start":{"line":132,"column":2},"end":{"line":132,"column":45}},"24":{"start":{"line":141,"column":2},"end":{"line":141,"column":4977}},"25":{"start":{"line":142,"column":3},"end":{"line":142,"column":5004}},"26":{"start":{"line":143,"column":4},"end":{"line":143,"column":53}},"27":{"start":{"line":147,"column":2},"end":{"line":147,"column":27}}},"branchMap":{"1":{"line":63,"type":"if","locations":[{"start":{"line":63,"column":2},"end":{"line":63,"column":2}},{"start":{"line":63,"column":2},"end":{"line":63,"column":2}}]},"2":{"line":64,"type":"if","locations":[{"start":{"line":64,"column":2},"end":{"line":64,"column":2}},{"start":{"line":64,"column":2},"end":{"line":64,"column":2}}]},"3":{"line":75,"type":"if","locations":[{"start":{"line":75,"column":2},"end":{"line":75,"column":2}},{"start":{"line":75,"column":2},"end":{"line":75,"column":2}}]},"4":{"line":85,"type":"if","locations":[{"start":{"line":85,"column":2},"end":{"line":85,"column":2}},{"start":{"line":85,"column":2},"end":{"line":85,"column":2}}]},"5":{"line":95,"type":"if","locations":[{"start":{"line":95,"column":4},"end":{"line":95,"column":4}},{"start":{"line":95,"column":4},"end":{"line":95,"column":4}}]},"6":{"line":105,"type":"if","locations":[{"start":{"line":105,"column":4},"end":{"line":105,"column":4}},{"start":{"line":105,"column":4},"end":{"line":105,"column":4}}]},"7":{"line":119,"type":"if","locations":[{"start":{"line":119,"column":4},"end":{"line":119,"column":4}},{"start":{"line":119,"column":4},"end":{"line":119,"column":4}}]},"8":{"line":120,"type":"if","locations":[{"start":{"line":120,"column":4},"end":{"line":120,"column":4}},{"start":{"line":120,"column":4},"end":{"line":120,"column":4}}]},"9":{"line":121,"type":"if","locations":[{"start":{"line":121,"column":2},"end":{"line":121,"column":2}},{"start":{"line":121,"column":2},"end":{"line":121,"column":2}}]},"10":{"line":122,"type":"if","locations":[{"start":{"line":122,"column":2},"end":{"line":122,"column":2}},{"start":{"line":122,"column":2},"end":{"line":122,"column":2}}]},"11":{"line":125,"type":"if","locations":[{"start":{"line":125,"column":2},"end":{"line":125,"column":2}},{"start":{"line":125,"column":2},"end":{"line":125,"column":2}}]},"12":{"line":126,"type":"if","locations":[{"start":{"line":126,"column":2},"end":{"line":126,"column":2}},{"start":{"line":126,"column":2},"end":{"line":126,"column":2}}]},"13":{"line":128,"type":"if","locations":[{"start":{"line":128,"column":2},"end":{"line":128,"column":2}},{"start":{"line":128,"column":2},"end":{"line":128,"column":2}}]},"14":{"line":141,"type":"if","locations":[{"start":{"line":141,"column":2},"end":{"line":141,"column":2}},{"start":{"line":141,"column":2},"end":{"line":141,"column":2}}]},"15":{"line":143,"type":"if","locations":[{"start":{"line":143,"column":4},"end":{"line":143,"column":4}},{"start":{"line":143,"column":4},"end":{"line":143,"column":4}}]}}},"contracts/Versioned.sol":{"l":{"24":4,"25":3,"32":10,"41":3,"42":2,"43":2},"path":"/home/lucho/Experimental/crypto-wars-solidity-fetcher/contracts/Versioned.sol","s":{"1":4,"2":10,"3":3,"4":2,"5":2},"b":{"1":[3,1],"2":[2,1]},"f":{"1":4,"2":10,"3":3},"fnMap":{"1":{"name":"notMigrated","line":23,"loc":{"start":{"line":23,"column":2},"end":{"line":23,"column":24}}},"2":{"name":"setVersion","line":31,"loc":{"start":{"line":31,"column":2},"end":{"line":31,"column":53}}},"3":{"name":"migrateUser","line":40,"loc":{"start":{"line":40,"column":2},"end":{"line":40,"column":65}}}},"statementMap":{"1":{"start":{"line":24,"column":4},"end":{"line":24,"column":45}},"2":{"start":{"line":32,"column":4},"end":{"line":32,"column":21}},"3":{"start":{"line":41,"column":4},"end":{"line":41,"column":44}},"4":{"start":{"line":42,"column":4},"end":{"line":42,"column":35}},"5":{"start":{"line":43,"column":4},"end":{"line":43,"column":41}}},"branchMap":{"1":{"line":24,"type":"if","locations":[{"start":{"line":24,"column":4},"end":{"line":24,"column":4}},{"start":{"line":24,"column":4},"end":{"line":24,"column":4}}]},"2":{"line":41,"type":"if","locations":[{"start":{"line":41,"column":4},"end":{"line":41,"column":4}},{"start":{"line":41,"column":4},"end":{"line":41,"column":4}}]}}}}